2026-01-08 20:56:40,569 DEBUG root [TrackingPublisher] worker got item from queue: None
2026-01-08 20:56:40,570 INFO openscada_lite.app [LIFESPAN] Shutdown complete
2026-01-08 20:57:22,650 INFO openscada_lite.app [LIFESPAN] Startup starting...
2026-01-08 20:57:22,651 DEBUG root [TrackingPublisher] loop injected: <ProactorEventLoop running=True closed=False debug=False>
2026-01-08 20:57:22,653 DEBUG root [TrackingPublisher] worker started, waiting for events...
2026-01-08 20:57:23,889 INFO openscada_lite.modules.communication.drivers.opc_ua_server_driver [OPCUA] Will expose 6 nodes on connect()
2026-01-08 20:57:23,889 INFO openscada_lite.modules.communication.drivers.test.test_driver [INIT] Creating TestDriver CameraDriver
2026-01-08 20:57:23,889 INFO openscada_lite.modules.communication.drivers.test.test_driver [INIT] Creating TestDriver WaterTank
2026-01-08 20:57:23,890 INFO openscada_lite.modules.communication.drivers.test.test_driver [INIT] Creating TestDriver StressTest
2026-01-08 20:57:23,893 INFO openscada_lite.modules.communication.drivers.test.test_driver [INIT] Creating TestDriver TrainTestDriver
2026-01-08 20:57:23,893 DEBUG root [TrackingPublisher] publish_data_flow_event called
2026-01-08 20:57:23,894 DEBUG root [TrackingPublisher] preparing to create event for DriverConnectStatus(track_id='84543e84-dfb4-4fd6-8ada-ad5144254db7', driver_name='OPCUAServerDriver', status='offline')
2026-01-08 20:57:23,894 DEBUG root [TrackingPublisher] created event 84543e84-dfb4-4fd6-8ada-ad5144254db7 DataFlowStatus.CREATED
2026-01-08 20:57:23,895 DEBUG root [TrackingPublisher] queued event 84543e84-dfb4-4fd6-8ada-ad5144254db7 DataFlowStatus.CREATED
2026-01-08 20:57:23,895 DEBUG root [TrackingPublisher] worker got item from queue: DataFlowEventMsg(track_id='84543e84-dfb4-4fd6-8ada-ad5144254db7', event_type='DriverConnectStatus', source='CommunicationService', status=<DataFlowStatus.CREATED: 'created'>, timestamp=datetime.datetime(2026, 1, 8, 20, 57, 23, 894562), payload={'driver_name': 'OPCUAServerDriver', 'status': 'offline'})
2026-01-08 20:57:23,896 DEBUG openscada_lite.modules.base.base_controller [communication] Publishing message: DriverConnectStatus(track_id='84543e84-dfb4-4fd6-8ada-ad5144254db7', driver_name='OPCUAServerDriver', status='offline')
2026-01-08 20:57:23,897 DEBUG root [TrackingPublisher] not enabled or loop not ready, requeuing event 84543e84-dfb4-4fd6-8ada-ad5144254db7
2026-01-08 20:57:23,898 DEBUG root [TrackingPublisher] publish_data_flow_event called
2026-01-08 20:57:23,898 DEBUG root [TrackingPublisher] preparing to create event for DriverConnectStatus(track_id='84543e84-dfb4-4fd6-8ada-ad5144254db7', driver_name='OPCUAServerDriver', status='offline')
2026-01-08 20:57:23,899 DEBUG root [TrackingPublisher] created event 84543e84-dfb4-4fd6-8ada-ad5144254db7 DataFlowStatus.FORWARDED
2026-01-08 20:57:23,899 DEBUG root [TrackingPublisher] queued event 84543e84-dfb4-4fd6-8ada-ad5144254db7 DataFlowStatus.FORWARDED
2026-01-08 20:57:23,900 DEBUG root [TrackingPublisher] publish_data_flow_event called
2026-01-08 20:57:23,900 DEBUG root [TrackingPublisher] preparing to create event for DriverConnectStatus(track_id='84543e84-dfb4-4fd6-8ada-ad5144254db7', driver_name='OPCUAServerDriver', status='offline')
2026-01-08 20:57:23,900 DEBUG root [TrackingPublisher] created event 84543e84-dfb4-4fd6-8ada-ad5144254db7 DataFlowStatus.RECEIVED
2026-01-08 20:57:23,900 DEBUG root [TrackingPublisher] queued event 84543e84-dfb4-4fd6-8ada-ad5144254db7 DataFlowStatus.RECEIVED
2026-01-08 20:57:23,901 DEBUG root [TrackingPublisher] publish_data_flow_event called
2026-01-08 20:57:23,902 DEBUG root [TrackingPublisher] preparing to create event for DriverConnectStatus(track_id='f3a53c24-dd62-4fcb-bd3a-7f9c6bd6ad44', driver_name='CameraDriver', status='offline')
2026-01-08 20:57:23,902 DEBUG root [TrackingPublisher] created event f3a53c24-dd62-4fcb-bd3a-7f9c6bd6ad44 DataFlowStatus.CREATED
2026-01-08 20:57:23,903 DEBUG root [TrackingPublisher] queued event f3a53c24-dd62-4fcb-bd3a-7f9c6bd6ad44 DataFlowStatus.CREATED
2026-01-08 20:57:23,903 DEBUG openscada_lite.modules.base.base_controller [communication] Publishing message: DriverConnectStatus(track_id='f3a53c24-dd62-4fcb-bd3a-7f9c6bd6ad44', driver_name='CameraDriver', status='offline')
2026-01-08 20:57:23,904 DEBUG root [TrackingPublisher] publish_data_flow_event called
2026-01-08 20:57:23,904 DEBUG root [TrackingPublisher] preparing to create event for DriverConnectStatus(track_id='f3a53c24-dd62-4fcb-bd3a-7f9c6bd6ad44', driver_name='CameraDriver', status='offline')
2026-01-08 20:57:23,904 DEBUG root [TrackingPublisher] created event f3a53c24-dd62-4fcb-bd3a-7f9c6bd6ad44 DataFlowStatus.FORWARDED
2026-01-08 20:57:23,905 DEBUG root [TrackingPublisher] queued event f3a53c24-dd62-4fcb-bd3a-7f9c6bd6ad44 DataFlowStatus.FORWARDED
2026-01-08 20:57:23,905 DEBUG root [TrackingPublisher] publish_data_flow_event called
2026-01-08 20:57:23,905 DEBUG root [TrackingPublisher] preparing to create event for DriverConnectStatus(track_id='f3a53c24-dd62-4fcb-bd3a-7f9c6bd6ad44', driver_name='CameraDriver', status='offline')
2026-01-08 20:57:23,906 DEBUG root [TrackingPublisher] created event f3a53c24-dd62-4fcb-bd3a-7f9c6bd6ad44 DataFlowStatus.RECEIVED
2026-01-08 20:57:23,906 DEBUG root [TrackingPublisher] queued event f3a53c24-dd62-4fcb-bd3a-7f9c6bd6ad44 DataFlowStatus.RECEIVED
2026-01-08 20:57:23,907 DEBUG root [TrackingPublisher] publish_data_flow_event called
2026-01-08 20:57:23,907 DEBUG root [TrackingPublisher] preparing to create event for DriverConnectStatus(track_id='a434ff3c-4af9-416f-b12d-85077ec9ae1a', driver_name='WaterTank', status='offline')
2026-01-08 20:57:23,907 DEBUG root [TrackingPublisher] created event a434ff3c-4af9-416f-b12d-85077ec9ae1a DataFlowStatus.CREATED
2026-01-08 20:57:23,908 DEBUG root [TrackingPublisher] queued event a434ff3c-4af9-416f-b12d-85077ec9ae1a DataFlowStatus.CREATED
2026-01-08 20:57:23,908 DEBUG openscada_lite.modules.base.base_controller [communication] Publishing message: DriverConnectStatus(track_id='a434ff3c-4af9-416f-b12d-85077ec9ae1a', driver_name='WaterTank', status='offline')
2026-01-08 20:57:23,908 DEBUG root [TrackingPublisher] publish_data_flow_event called
2026-01-08 20:57:23,909 DEBUG root [TrackingPublisher] preparing to create event for DriverConnectStatus(track_id='a434ff3c-4af9-416f-b12d-85077ec9ae1a', driver_name='WaterTank', status='offline')
2026-01-08 20:57:23,909 DEBUG root [TrackingPublisher] created event a434ff3c-4af9-416f-b12d-85077ec9ae1a DataFlowStatus.FORWARDED
2026-01-08 20:57:23,909 DEBUG root [TrackingPublisher] queued event a434ff3c-4af9-416f-b12d-85077ec9ae1a DataFlowStatus.FORWARDED
2026-01-08 20:57:23,910 DEBUG root [TrackingPublisher] publish_data_flow_event called
2026-01-08 20:57:23,910 DEBUG root [TrackingPublisher] preparing to create event for DriverConnectStatus(track_id='a434ff3c-4af9-416f-b12d-85077ec9ae1a', driver_name='WaterTank', status='offline')
2026-01-08 20:57:23,910 DEBUG root [TrackingPublisher] created event a434ff3c-4af9-416f-b12d-85077ec9ae1a DataFlowStatus.RECEIVED
2026-01-08 20:57:23,911 DEBUG root [TrackingPublisher] queued event a434ff3c-4af9-416f-b12d-85077ec9ae1a DataFlowStatus.RECEIVED
2026-01-08 20:57:23,911 DEBUG root [TrackingPublisher] publish_data_flow_event called
2026-01-08 20:57:23,912 DEBUG root [TrackingPublisher] preparing to create event for DriverConnectStatus(track_id='9e897264-0c7d-4f57-9902-918695899de7', driver_name='StressTest', status='offline')
2026-01-08 20:57:23,912 DEBUG root [TrackingPublisher] created event 9e897264-0c7d-4f57-9902-918695899de7 DataFlowStatus.CREATED
2026-01-08 20:57:23,912 DEBUG root [TrackingPublisher] queued event 9e897264-0c7d-4f57-9902-918695899de7 DataFlowStatus.CREATED
2026-01-08 20:57:23,913 DEBUG openscada_lite.modules.base.base_controller [communication] Publishing message: DriverConnectStatus(track_id='9e897264-0c7d-4f57-9902-918695899de7', driver_name='StressTest', status='offline')
2026-01-08 20:57:23,913 DEBUG root [TrackingPublisher] publish_data_flow_event called
2026-01-08 20:57:23,913 DEBUG root [TrackingPublisher] preparing to create event for DriverConnectStatus(track_id='9e897264-0c7d-4f57-9902-918695899de7', driver_name='StressTest', status='offline')
2026-01-08 20:57:23,914 DEBUG root [TrackingPublisher] created event 9e897264-0c7d-4f57-9902-918695899de7 DataFlowStatus.FORWARDED
2026-01-08 20:57:23,914 DEBUG root [TrackingPublisher] queued event 9e897264-0c7d-4f57-9902-918695899de7 DataFlowStatus.FORWARDED
2026-01-08 20:57:23,915 DEBUG root [TrackingPublisher] publish_data_flow_event called
2026-01-08 20:57:23,915 DEBUG root [TrackingPublisher] preparing to create event for DriverConnectStatus(track_id='9e897264-0c7d-4f57-9902-918695899de7', driver_name='StressTest', status='offline')
2026-01-08 20:57:23,916 DEBUG root [TrackingPublisher] created event 9e897264-0c7d-4f57-9902-918695899de7 DataFlowStatus.RECEIVED
2026-01-08 20:57:23,916 DEBUG root [TrackingPublisher] queued event 9e897264-0c7d-4f57-9902-918695899de7 DataFlowStatus.RECEIVED
2026-01-08 20:57:23,917 DEBUG openscada_lite.modules.base.base_controller [animation] Publishing message: AnimationUpdateMsg(track_id='94072d69-e2df-4cd6-9a02-01f37ee0524c', svg_name='2.train.svg', element_id='driver-indicator', animation_type='driver_connection', value=None, config={'attr': {'fill': 'red'}, 'duration': 0.5}, timestamp=None, test=False)
2026-01-08 20:57:23,918 DEBUG root [TrackingPublisher] publish_data_flow_event called
2026-01-08 20:57:23,918 DEBUG root [TrackingPublisher] preparing to create event for AnimationUpdateMsg(track_id='94072d69-e2df-4cd6-9a02-01f37ee0524c', svg_name='2.train.svg', element_id='driver-indicator', animation_type='driver_connection', value=None, config={'attr': {'fill': 'red'}, 'duration': 0.5}, timestamp=None, test=False)
2026-01-08 20:57:23,919 DEBUG root [TrackingPublisher] created event 94072d69-e2df-4cd6-9a02-01f37ee0524c DataFlowStatus.FORWARDED
2026-01-08 20:57:23,919 DEBUG root [TrackingPublisher] queued event 94072d69-e2df-4cd6-9a02-01f37ee0524c DataFlowStatus.FORWARDED
2026-01-08 20:57:23,920 DEBUG root [TrackingPublisher] publish_data_flow_event called
2026-01-08 20:57:23,921 DEBUG root [TrackingPublisher] preparing to create event for DriverConnectStatus(track_id='4a07fdd6-b661-4d1c-8668-d731c7591504', driver_name='TrainTestDriver', status='offline')
2026-01-08 20:57:23,922 DEBUG root [TrackingPublisher] created event 4a07fdd6-b661-4d1c-8668-d731c7591504 DataFlowStatus.CREATED
2026-01-08 20:57:23,922 DEBUG root [TrackingPublisher] queued event 4a07fdd6-b661-4d1c-8668-d731c7591504 DataFlowStatus.CREATED
2026-01-08 20:57:23,923 DEBUG openscada_lite.modules.base.base_controller [communication] Publishing message: DriverConnectStatus(track_id='4a07fdd6-b661-4d1c-8668-d731c7591504', driver_name='TrainTestDriver', status='offline')
2026-01-08 20:57:23,923 DEBUG root [TrackingPublisher] publish_data_flow_event called
2026-01-08 20:57:23,924 DEBUG root [TrackingPublisher] preparing to create event for DriverConnectStatus(track_id='4a07fdd6-b661-4d1c-8668-d731c7591504', driver_name='TrainTestDriver', status='offline')
2026-01-08 20:57:23,924 DEBUG root [TrackingPublisher] created event 4a07fdd6-b661-4d1c-8668-d731c7591504 DataFlowStatus.FORWARDED
2026-01-08 20:57:23,924 DEBUG root [TrackingPublisher] queued event 4a07fdd6-b661-4d1c-8668-d731c7591504 DataFlowStatus.FORWARDED
2026-01-08 20:57:23,925 DEBUG root [TrackingPublisher] publish_data_flow_event called
2026-01-08 20:57:23,925 DEBUG root [TrackingPublisher] preparing to create event for DriverConnectStatus(track_id='4a07fdd6-b661-4d1c-8668-d731c7591504', driver_name='TrainTestDriver', status='offline')
2026-01-08 20:57:23,926 DEBUG root [TrackingPublisher] created event 4a07fdd6-b661-4d1c-8668-d731c7591504 DataFlowStatus.RECEIVED
2026-01-08 20:57:23,927 DEBUG root [TrackingPublisher] queued event 4a07fdd6-b661-4d1c-8668-d731c7591504 DataFlowStatus.RECEIVED
2026-01-08 20:57:23,975 DEBUG openscada_lite.modules.gis.service Initializing GIS icon: GisUpdateMsg(track_id='acb6a4fc-5bf2-444a-bf71-d4111adf754c', id='camera1', latitude=47.4328, longitude=8.2384, icon='/static/icons/camera.png', label='Camera 1', navigation='stream/feed1', navigation_type=None, text=None, states={}, extra={'datapoint-value': None})
2026-01-08 20:57:23,976 DEBUG openscada_lite.modules.gis.service Initializing GIS icon: GisUpdateMsg(track_id='56ad4554-1030-403a-8ee1-c3ec71ac9e8c', id='camera2', latitude=47.4202, longitude=8.2249, icon='/static/icons/camera.png', label='Camera 2', navigation='stream/feed2', navigation_type='popup', text=None, states={}, extra={'datapoint-value': None})
2026-01-08 20:57:23,978 DEBUG openscada_lite.modules.gis.service Initializing GIS icon: GisUpdateMsg(track_id='5cbe437f-c417-4fc0-9ad3-a4335c9c4765', id='help', latitude=47.4202, longitude=8.24, icon='/static/icons/help.png', label='Help', navigation=None, navigation_type='popup', text='- In the Communication tab connect the CameraDriver\n\n- In the Command tab the cameras can be moved (LEFT/RIGHT) by sending commands on the _CMD\n\n- In the Datapoint tab you can trigger alarms by setting the _ALARM datapoint to True\n\n- In the Communication tab connect the OPCUAServerDriver, connect with a standard OPC UA browser on the opc.tcp://www.openscadalite.com:4840 to control the cameras from an OPC UA Client', states={}, extra={'datapoint-value': None})
2026-01-08 20:57:23,984 DEBUG openscada_lite.modules.gis.service Initializing GIS icon: GisUpdateMsg(track_id='caaeb026-12fa-4d58-ac96-c973e29a6b56', id='camera3', latitude=47.4081, longitude=8.214, icon='/static/icons/camera.png', label='Camera 3', navigation='stream/feed3', navigation_type=None, text=None, states={}, extra={'datapoint-value': None})
2026-01-08 20:57:24,036 INFO openscada_lite.modules.rule.manager.rule_manager Initializing RuleEngine with datapoint types: ['BOOL', 'CAMERA_POSITION', 'LEVEL', 'OPENED_CLOSED', 'OPEN_CLOSE_CMD', 'PRESSURE', 'START_STOP', 'START_STOP_CMD', 'SWITCH_CONTROL', 'SWITCH_CONTROL_CMD', 'TEMPERATURE']
2026-01-08 20:57:24,100 INFO openscada_lite.app [LIFESPAN] Startup complete
2026-01-08 20:57:24,100 DEBUG root [TrackingPublisher] worker got item from queue: DataFlowEventMsg(track_id='84543e84-dfb4-4fd6-8ada-ad5144254db7', event_type='DriverConnectStatus', source='CommunicationService', status=<DataFlowStatus.CREATED: 'created'>, timestamp=datetime.datetime(2026, 1, 8, 20, 57, 23, 894562), payload={'driver_name': 'OPCUAServerDriver', 'status': 'offline'})
2026-01-08 20:57:24,102 DEBUG root [TrackingPublisher] scheduling publish for 84543e84-dfb4-4fd6-8ada-ad5144254db7
2026-01-08 20:57:24,104 DEBUG root [TrackingPublisher] worker got item from queue: DataFlowEventMsg(track_id='84543e84-dfb4-4fd6-8ada-ad5144254db7', event_type='DriverConnectStatus', source='CommunicationController', status=<DataFlowStatus.FORWARDED: 'forwarded'>, timestamp=datetime.datetime(2026, 1, 8, 20, 57, 23, 899312), payload={'driver_name': 'OPCUAServerDriver', 'status': 'offline'})
2026-01-08 20:57:24,105 DEBUG openscada_lite.modules.base.base_controller [tracking] Publishing message: DataFlowEventMsg(track_id='84543e84-dfb4-4fd6-8ada-ad5144254db7', event_type='DriverConnectStatus', source='CommunicationService', status=<DataFlowStatus.CREATED: 'created'>, timestamp=datetime.datetime(2026, 1, 8, 20, 57, 23, 894562), payload={'driver_name': 'OPCUAServerDriver', 'status': 'offline'})
2026-01-08 20:57:24,105 DEBUG root [TrackingPublisher] scheduling publish for 84543e84-dfb4-4fd6-8ada-ad5144254db7
2026-01-08 20:57:24,106 DEBUG root [TrackingPublisher] worker got item from queue: DataFlowEventMsg(track_id='84543e84-dfb4-4fd6-8ada-ad5144254db7', event_type='DriverConnectStatus', source='ConnectorManager', status=<DataFlowStatus.RECEIVED: 'received'>, timestamp=datetime.datetime(2026, 1, 8, 20, 57, 23, 900631), payload={'driver_name': 'OPCUAServerDriver', 'status': 'offline'})
2026-01-08 20:57:24,107 DEBUG openscada_lite.modules.base.base_controller [tracking] Publishing message: DataFlowEventMsg(track_id='84543e84-dfb4-4fd6-8ada-ad5144254db7', event_type='DriverConnectStatus', source='CommunicationController', status=<DataFlowStatus.FORWARDED: 'forwarded'>, timestamp=datetime.datetime(2026, 1, 8, 20, 57, 23, 899312), payload={'driver_name': 'OPCUAServerDriver', 'status': 'offline'})
2026-01-08 20:57:24,107 DEBUG root [TrackingPublisher] scheduling publish for 84543e84-dfb4-4fd6-8ada-ad5144254db7
2026-01-08 20:57:24,108 DEBUG root [TrackingPublisher] worker got item from queue: DataFlowEventMsg(track_id='f3a53c24-dd62-4fcb-bd3a-7f9c6bd6ad44', event_type='DriverConnectStatus', source='CommunicationService', status=<DataFlowStatus.CREATED: 'created'>, timestamp=datetime.datetime(2026, 1, 8, 20, 57, 23, 902621), payload={'driver_name': 'CameraDriver', 'status': 'offline'})
2026-01-08 20:57:24,109 DEBUG openscada_lite.modules.base.base_controller [tracking] Publishing message: DataFlowEventMsg(track_id='84543e84-dfb4-4fd6-8ada-ad5144254db7', event_type='DriverConnectStatus', source='ConnectorManager', status=<DataFlowStatus.RECEIVED: 'received'>, timestamp=datetime.datetime(2026, 1, 8, 20, 57, 23, 900631), payload={'driver_name': 'OPCUAServerDriver', 'status': 'offline'})
2026-01-08 20:57:24,109 DEBUG root [TrackingPublisher] scheduling publish for f3a53c24-dd62-4fcb-bd3a-7f9c6bd6ad44
2026-01-08 20:57:24,110 DEBUG root [TrackingPublisher] worker got item from queue: DataFlowEventMsg(track_id='f3a53c24-dd62-4fcb-bd3a-7f9c6bd6ad44', event_type='DriverConnectStatus', source='CommunicationController', status=<DataFlowStatus.FORWARDED: 'forwarded'>, timestamp=datetime.datetime(2026, 1, 8, 20, 57, 23, 904815), payload={'driver_name': 'CameraDriver', 'status': 'offline'})
2026-01-08 20:57:24,111 DEBUG openscada_lite.modules.base.base_controller [tracking] Publishing message: DataFlowEventMsg(track_id='f3a53c24-dd62-4fcb-bd3a-7f9c6bd6ad44', event_type='DriverConnectStatus', source='CommunicationService', status=<DataFlowStatus.CREATED: 'created'>, timestamp=datetime.datetime(2026, 1, 8, 20, 57, 23, 902621), payload={'driver_name': 'CameraDriver', 'status': 'offline'})
2026-01-08 20:57:24,111 DEBUG root [TrackingPublisher] scheduling publish for f3a53c24-dd62-4fcb-bd3a-7f9c6bd6ad44
2026-01-08 20:57:24,112 DEBUG root [TrackingPublisher] worker got item from queue: DataFlowEventMsg(track_id='f3a53c24-dd62-4fcb-bd3a-7f9c6bd6ad44', event_type='DriverConnectStatus', source='ConnectorManager', status=<DataFlowStatus.RECEIVED: 'received'>, timestamp=datetime.datetime(2026, 1, 8, 20, 57, 23, 906039), payload={'driver_name': 'CameraDriver', 'status': 'offline'})
2026-01-08 20:57:24,113 DEBUG openscada_lite.modules.base.base_controller [tracking] Publishing message: DataFlowEventMsg(track_id='f3a53c24-dd62-4fcb-bd3a-7f9c6bd6ad44', event_type='DriverConnectStatus', source='CommunicationController', status=<DataFlowStatus.FORWARDED: 'forwarded'>, timestamp=datetime.datetime(2026, 1, 8, 20, 57, 23, 904815), payload={'driver_name': 'CameraDriver', 'status': 'offline'})
2026-01-08 20:57:24,113 DEBUG root [TrackingPublisher] scheduling publish for f3a53c24-dd62-4fcb-bd3a-7f9c6bd6ad44
2026-01-08 20:57:24,114 DEBUG root [TrackingPublisher] worker got item from queue: DataFlowEventMsg(track_id='a434ff3c-4af9-416f-b12d-85077ec9ae1a', event_type='DriverConnectStatus', source='CommunicationService', status=<DataFlowStatus.CREATED: 'created'>, timestamp=datetime.datetime(2026, 1, 8, 20, 57, 23, 907729), payload={'driver_name': 'WaterTank', 'status': 'offline'})
2026-01-08 20:57:24,115 DEBUG openscada_lite.modules.base.base_controller [tracking] Publishing message: DataFlowEventMsg(track_id='f3a53c24-dd62-4fcb-bd3a-7f9c6bd6ad44', event_type='DriverConnectStatus', source='ConnectorManager', status=<DataFlowStatus.RECEIVED: 'received'>, timestamp=datetime.datetime(2026, 1, 8, 20, 57, 23, 906039), payload={'driver_name': 'CameraDriver', 'status': 'offline'})
2026-01-08 20:57:24,115 DEBUG root [TrackingPublisher] scheduling publish for a434ff3c-4af9-416f-b12d-85077ec9ae1a
2026-01-08 20:57:24,120 DEBUG root [TrackingPublisher] worker got item from queue: DataFlowEventMsg(track_id='a434ff3c-4af9-416f-b12d-85077ec9ae1a', event_type='DriverConnectStatus', source='CommunicationController', status=<DataFlowStatus.FORWARDED: 'forwarded'>, timestamp=datetime.datetime(2026, 1, 8, 20, 57, 23, 909369), payload={'driver_name': 'WaterTank', 'status': 'offline'})
2026-01-08 20:57:24,121 DEBUG openscada_lite.modules.base.base_controller [tracking] Publishing message: DataFlowEventMsg(track_id='a434ff3c-4af9-416f-b12d-85077ec9ae1a', event_type='DriverConnectStatus', source='CommunicationService', status=<DataFlowStatus.CREATED: 'created'>, timestamp=datetime.datetime(2026, 1, 8, 20, 57, 23, 907729), payload={'driver_name': 'WaterTank', 'status': 'offline'})
2026-01-08 20:57:24,121 DEBUG root [TrackingPublisher] scheduling publish for a434ff3c-4af9-416f-b12d-85077ec9ae1a
2026-01-08 20:57:24,123 DEBUG root [TrackingPublisher] worker got item from queue: DataFlowEventMsg(track_id='a434ff3c-4af9-416f-b12d-85077ec9ae1a', event_type='DriverConnectStatus', source='ConnectorManager', status=<DataFlowStatus.RECEIVED: 'received'>, timestamp=datetime.datetime(2026, 1, 8, 20, 57, 23, 910595), payload={'driver_name': 'WaterTank', 'status': 'offline'})
2026-01-08 20:57:24,123 DEBUG openscada_lite.modules.base.base_controller [tracking] Publishing message: DataFlowEventMsg(track_id='a434ff3c-4af9-416f-b12d-85077ec9ae1a', event_type='DriverConnectStatus', source='CommunicationController', status=<DataFlowStatus.FORWARDED: 'forwarded'>, timestamp=datetime.datetime(2026, 1, 8, 20, 57, 23, 909369), payload={'driver_name': 'WaterTank', 'status': 'offline'})
2026-01-08 20:57:24,123 DEBUG root [TrackingPublisher] scheduling publish for a434ff3c-4af9-416f-b12d-85077ec9ae1a
2026-01-08 20:57:24,125 DEBUG root [TrackingPublisher] worker got item from queue: DataFlowEventMsg(track_id='9e897264-0c7d-4f57-9902-918695899de7', event_type='DriverConnectStatus', source='CommunicationService', status=<DataFlowStatus.CREATED: 'created'>, timestamp=datetime.datetime(2026, 1, 8, 20, 57, 23, 912509), payload={'driver_name': 'StressTest', 'status': 'offline'})
2026-01-08 20:57:24,125 DEBUG openscada_lite.modules.base.base_controller [tracking] Publishing message: DataFlowEventMsg(track_id='a434ff3c-4af9-416f-b12d-85077ec9ae1a', event_type='DriverConnectStatus', source='ConnectorManager', status=<DataFlowStatus.RECEIVED: 'received'>, timestamp=datetime.datetime(2026, 1, 8, 20, 57, 23, 910595), payload={'driver_name': 'WaterTank', 'status': 'offline'})
2026-01-08 20:57:24,126 DEBUG root [TrackingPublisher] scheduling publish for 9e897264-0c7d-4f57-9902-918695899de7
2026-01-08 20:57:24,127 DEBUG root [TrackingPublisher] worker got item from queue: DataFlowEventMsg(track_id='9e897264-0c7d-4f57-9902-918695899de7', event_type='DriverConnectStatus', source='CommunicationController', status=<DataFlowStatus.FORWARDED: 'forwarded'>, timestamp=datetime.datetime(2026, 1, 8, 20, 57, 23, 914419), payload={'driver_name': 'StressTest', 'status': 'offline'})
2026-01-08 20:57:24,127 DEBUG openscada_lite.modules.base.base_controller [tracking] Publishing message: DataFlowEventMsg(track_id='9e897264-0c7d-4f57-9902-918695899de7', event_type='DriverConnectStatus', source='CommunicationService', status=<DataFlowStatus.CREATED: 'created'>, timestamp=datetime.datetime(2026, 1, 8, 20, 57, 23, 912509), payload={'driver_name': 'StressTest', 'status': 'offline'})
2026-01-08 20:57:24,127 DEBUG root [TrackingPublisher] scheduling publish for 9e897264-0c7d-4f57-9902-918695899de7
2026-01-08 20:57:24,128 DEBUG root [TrackingPublisher] worker got item from queue: DataFlowEventMsg(track_id='9e897264-0c7d-4f57-9902-918695899de7', event_type='DriverConnectStatus', source='ConnectorManager', status=<DataFlowStatus.RECEIVED: 'received'>, timestamp=datetime.datetime(2026, 1, 8, 20, 57, 23, 916324), payload={'driver_name': 'StressTest', 'status': 'offline'})
2026-01-08 20:57:24,129 DEBUG openscada_lite.modules.base.base_controller [tracking] Publishing message: DataFlowEventMsg(track_id='9e897264-0c7d-4f57-9902-918695899de7', event_type='DriverConnectStatus', source='CommunicationController', status=<DataFlowStatus.FORWARDED: 'forwarded'>, timestamp=datetime.datetime(2026, 1, 8, 20, 57, 23, 914419), payload={'driver_name': 'StressTest', 'status': 'offline'})
2026-01-08 20:57:24,129 DEBUG root [TrackingPublisher] scheduling publish for 9e897264-0c7d-4f57-9902-918695899de7
2026-01-08 20:57:24,130 DEBUG root [TrackingPublisher] worker got item from queue: DataFlowEventMsg(track_id='94072d69-e2df-4cd6-9a02-01f37ee0524c', event_type='AnimationUpdateMsg', source='AnimationController', status=<DataFlowStatus.FORWARDED: 'forwarded'>, timestamp=datetime.datetime(2026, 1, 8, 20, 57, 23, 919538), payload={'element_id': 'driver-indicator', 'animation': 'driver_connection', 'value': None, 'svg_name': '2.train.svg', 'timestamp': None})
2026-01-08 20:57:24,130 DEBUG openscada_lite.modules.base.base_controller [tracking] Publishing message: DataFlowEventMsg(track_id='9e897264-0c7d-4f57-9902-918695899de7', event_type='DriverConnectStatus', source='ConnectorManager', status=<DataFlowStatus.RECEIVED: 'received'>, timestamp=datetime.datetime(2026, 1, 8, 20, 57, 23, 916324), payload={'driver_name': 'StressTest', 'status': 'offline'})
2026-01-08 20:57:24,130 DEBUG root [TrackingPublisher] scheduling publish for 94072d69-e2df-4cd6-9a02-01f37ee0524c
2026-01-08 20:57:24,132 DEBUG openscada_lite.modules.base.base_controller [tracking] Publishing message: DataFlowEventMsg(track_id='94072d69-e2df-4cd6-9a02-01f37ee0524c', event_type='AnimationUpdateMsg', source='AnimationController', status=<DataFlowStatus.FORWARDED: 'forwarded'>, timestamp=datetime.datetime(2026, 1, 8, 20, 57, 23, 919538), payload={'element_id': 'driver-indicator', 'animation': 'driver_connection', 'value': None, 'svg_name': '2.train.svg', 'timestamp': None})
2026-01-08 20:57:24,132 DEBUG root [TrackingPublisher] worker got item from queue: DataFlowEventMsg(track_id='4a07fdd6-b661-4d1c-8668-d731c7591504', event_type='DriverConnectStatus', source='CommunicationService', status=<DataFlowStatus.CREATED: 'created'>, timestamp=datetime.datetime(2026, 1, 8, 20, 57, 23, 922187), payload={'driver_name': 'TrainTestDriver', 'status': 'offline'})
2026-01-08 20:57:24,133 DEBUG root [TrackingPublisher] scheduling publish for 4a07fdd6-b661-4d1c-8668-d731c7591504
2026-01-08 20:57:24,134 DEBUG openscada_lite.modules.base.base_controller [tracking] Publishing message: DataFlowEventMsg(track_id='4a07fdd6-b661-4d1c-8668-d731c7591504', event_type='DriverConnectStatus', source='CommunicationService', status=<DataFlowStatus.CREATED: 'created'>, timestamp=datetime.datetime(2026, 1, 8, 20, 57, 23, 922187), payload={'driver_name': 'TrainTestDriver', 'status': 'offline'})
2026-01-08 20:57:24,134 DEBUG root [TrackingPublisher] worker got item from queue: DataFlowEventMsg(track_id='4a07fdd6-b661-4d1c-8668-d731c7591504', event_type='DriverConnectStatus', source='CommunicationController', status=<DataFlowStatus.FORWARDED: 'forwarded'>, timestamp=datetime.datetime(2026, 1, 8, 20, 57, 23, 924525), payload={'driver_name': 'TrainTestDriver', 'status': 'offline'})
2026-01-08 20:57:24,135 DEBUG root [TrackingPublisher] scheduling publish for 4a07fdd6-b661-4d1c-8668-d731c7591504
2026-01-08 20:57:24,136 DEBUG root [TrackingPublisher] worker got item from queue: DataFlowEventMsg(track_id='4a07fdd6-b661-4d1c-8668-d731c7591504', event_type='DriverConnectStatus', source='ConnectorManager', status=<DataFlowStatus.RECEIVED: 'received'>, timestamp=datetime.datetime(2026, 1, 8, 20, 57, 23, 926808), payload={'driver_name': 'TrainTestDriver', 'status': 'offline'})
2026-01-08 20:57:24,136 DEBUG openscada_lite.modules.base.base_controller [tracking] Publishing message: DataFlowEventMsg(track_id='4a07fdd6-b661-4d1c-8668-d731c7591504', event_type='DriverConnectStatus', source='CommunicationController', status=<DataFlowStatus.FORWARDED: 'forwarded'>, timestamp=datetime.datetime(2026, 1, 8, 20, 57, 23, 924525), payload={'driver_name': 'TrainTestDriver', 'status': 'offline'})
2026-01-08 20:57:24,137 DEBUG root [TrackingPublisher] scheduling publish for 4a07fdd6-b661-4d1c-8668-d731c7591504
2026-01-08 20:57:24,138 DEBUG openscada_lite.modules.base.base_controller [tracking] Publishing message: DataFlowEventMsg(track_id='4a07fdd6-b661-4d1c-8668-d731c7591504', event_type='DriverConnectStatus', source='ConnectorManager', status=<DataFlowStatus.RECEIVED: 'received'>, timestamp=datetime.datetime(2026, 1, 8, 20, 57, 23, 926808), payload={'driver_name': 'TrainTestDriver', 'status': 'offline'})
2026-01-08 20:58:29,594 DEBUG root [TrackingPublisher] worker got item from queue: None
2026-01-08 20:58:29,595 INFO openscada_lite.app [LIFESPAN] Shutdown complete
2026-01-08 20:58:33,283 INFO openscada_lite.app [LIFESPAN] Startup starting...
2026-01-08 20:58:33,283 DEBUG root [TrackingPublisher] loop injected: <ProactorEventLoop running=True closed=False debug=False>
2026-01-08 20:58:33,285 DEBUG root [TrackingPublisher] worker started, waiting for events...
2026-01-08 20:58:33,931 INFO openscada_lite.modules.communication.drivers.opc_ua_server_driver [OPCUA] Will expose 6 nodes on connect()
2026-01-08 20:58:33,932 INFO openscada_lite.modules.communication.drivers.test.test_driver [INIT] Creating TestDriver CameraDriver
2026-01-08 20:58:33,932 INFO openscada_lite.modules.communication.drivers.test.test_driver [INIT] Creating TestDriver WaterTank
2026-01-08 20:58:33,933 INFO openscada_lite.modules.communication.drivers.test.test_driver [INIT] Creating TestDriver StressTest
2026-01-08 20:58:33,935 INFO openscada_lite.modules.communication.drivers.test.test_driver [INIT] Creating TestDriver TrainTestDriver
2026-01-08 20:58:33,936 DEBUG root [TrackingPublisher] publish_data_flow_event called
2026-01-08 20:58:33,936 DEBUG root [TrackingPublisher] preparing to create event for DriverConnectStatus(track_id='1cb0c57c-7727-4a68-911d-bcbb94f3e6b4', driver_name='OPCUAServerDriver', status='offline')
2026-01-08 20:58:33,937 DEBUG root [TrackingPublisher] created event 1cb0c57c-7727-4a68-911d-bcbb94f3e6b4 DataFlowStatus.CREATED
2026-01-08 20:58:33,938 DEBUG root [TrackingPublisher] queued event 1cb0c57c-7727-4a68-911d-bcbb94f3e6b4 DataFlowStatus.CREATED
2026-01-08 20:58:33,938 DEBUG root [TrackingPublisher] worker got item from queue: DataFlowEventMsg(track_id='1cb0c57c-7727-4a68-911d-bcbb94f3e6b4', event_type='DriverConnectStatus', source='CommunicationService', status=<DataFlowStatus.CREATED: 'created'>, timestamp=datetime.datetime(2026, 1, 8, 20, 58, 33, 937277), payload={'driver_name': 'OPCUAServerDriver', 'status': 'offline'})
2026-01-08 20:58:33,939 DEBUG openscada_lite.modules.base.base_controller [communication] Publishing message: DriverConnectStatus(track_id='1cb0c57c-7727-4a68-911d-bcbb94f3e6b4', driver_name='OPCUAServerDriver', status='offline')
2026-01-08 20:58:33,939 DEBUG root [TrackingPublisher] not enabled or loop not ready, requeuing event 1cb0c57c-7727-4a68-911d-bcbb94f3e6b4
2026-01-08 20:58:33,940 DEBUG root [TrackingPublisher] publish_data_flow_event called
2026-01-08 20:58:33,940 DEBUG root [TrackingPublisher] preparing to create event for DriverConnectStatus(track_id='1cb0c57c-7727-4a68-911d-bcbb94f3e6b4', driver_name='OPCUAServerDriver', status='offline')
2026-01-08 20:58:33,941 DEBUG root [TrackingPublisher] created event 1cb0c57c-7727-4a68-911d-bcbb94f3e6b4 DataFlowStatus.FORWARDED
2026-01-08 20:58:33,941 DEBUG root [TrackingPublisher] queued event 1cb0c57c-7727-4a68-911d-bcbb94f3e6b4 DataFlowStatus.FORWARDED
2026-01-08 20:58:33,942 DEBUG root [TrackingPublisher] publish_data_flow_event called
2026-01-08 20:58:33,942 DEBUG root [TrackingPublisher] preparing to create event for DriverConnectStatus(track_id='1cb0c57c-7727-4a68-911d-bcbb94f3e6b4', driver_name='OPCUAServerDriver', status='offline')
2026-01-08 20:58:33,942 DEBUG root [TrackingPublisher] created event 1cb0c57c-7727-4a68-911d-bcbb94f3e6b4 DataFlowStatus.RECEIVED
2026-01-08 20:58:33,943 DEBUG root [TrackingPublisher] queued event 1cb0c57c-7727-4a68-911d-bcbb94f3e6b4 DataFlowStatus.RECEIVED
2026-01-08 20:58:33,943 DEBUG root [TrackingPublisher] publish_data_flow_event called
2026-01-08 20:58:33,944 DEBUG root [TrackingPublisher] preparing to create event for DriverConnectStatus(track_id='8187f7ca-a56d-4684-be82-7cb80ef5ec6f', driver_name='CameraDriver', status='offline')
2026-01-08 20:58:33,944 DEBUG root [TrackingPublisher] created event 8187f7ca-a56d-4684-be82-7cb80ef5ec6f DataFlowStatus.CREATED
2026-01-08 20:58:33,944 DEBUG root [TrackingPublisher] queued event 8187f7ca-a56d-4684-be82-7cb80ef5ec6f DataFlowStatus.CREATED
2026-01-08 20:58:33,945 DEBUG openscada_lite.modules.base.base_controller [communication] Publishing message: DriverConnectStatus(track_id='8187f7ca-a56d-4684-be82-7cb80ef5ec6f', driver_name='CameraDriver', status='offline')
2026-01-08 20:58:33,945 DEBUG root [TrackingPublisher] publish_data_flow_event called
2026-01-08 20:58:33,946 DEBUG root [TrackingPublisher] preparing to create event for DriverConnectStatus(track_id='8187f7ca-a56d-4684-be82-7cb80ef5ec6f', driver_name='CameraDriver', status='offline')
2026-01-08 20:58:33,946 DEBUG root [TrackingPublisher] created event 8187f7ca-a56d-4684-be82-7cb80ef5ec6f DataFlowStatus.FORWARDED
2026-01-08 20:58:33,946 DEBUG root [TrackingPublisher] queued event 8187f7ca-a56d-4684-be82-7cb80ef5ec6f DataFlowStatus.FORWARDED
2026-01-08 20:58:33,947 DEBUG root [TrackingPublisher] publish_data_flow_event called
2026-01-08 20:58:33,947 DEBUG root [TrackingPublisher] preparing to create event for DriverConnectStatus(track_id='8187f7ca-a56d-4684-be82-7cb80ef5ec6f', driver_name='CameraDriver', status='offline')
2026-01-08 20:58:33,947 DEBUG root [TrackingPublisher] created event 8187f7ca-a56d-4684-be82-7cb80ef5ec6f DataFlowStatus.RECEIVED
2026-01-08 20:58:33,948 DEBUG root [TrackingPublisher] queued event 8187f7ca-a56d-4684-be82-7cb80ef5ec6f DataFlowStatus.RECEIVED
2026-01-08 20:58:33,948 DEBUG root [TrackingPublisher] publish_data_flow_event called
2026-01-08 20:58:33,948 DEBUG root [TrackingPublisher] preparing to create event for DriverConnectStatus(track_id='cce8f7fe-4f03-46cd-b8b9-78a4ebb9ba54', driver_name='WaterTank', status='offline')
2026-01-08 20:58:33,949 DEBUG root [TrackingPublisher] created event cce8f7fe-4f03-46cd-b8b9-78a4ebb9ba54 DataFlowStatus.CREATED
2026-01-08 20:58:33,949 DEBUG root [TrackingPublisher] queued event cce8f7fe-4f03-46cd-b8b9-78a4ebb9ba54 DataFlowStatus.CREATED
2026-01-08 20:58:33,949 DEBUG openscada_lite.modules.base.base_controller [communication] Publishing message: DriverConnectStatus(track_id='cce8f7fe-4f03-46cd-b8b9-78a4ebb9ba54', driver_name='WaterTank', status='offline')
2026-01-08 20:58:33,950 DEBUG root [TrackingPublisher] publish_data_flow_event called
2026-01-08 20:58:33,950 DEBUG root [TrackingPublisher] preparing to create event for DriverConnectStatus(track_id='cce8f7fe-4f03-46cd-b8b9-78a4ebb9ba54', driver_name='WaterTank', status='offline')
2026-01-08 20:58:33,950 DEBUG root [TrackingPublisher] created event cce8f7fe-4f03-46cd-b8b9-78a4ebb9ba54 DataFlowStatus.FORWARDED
2026-01-08 20:58:33,951 DEBUG root [TrackingPublisher] queued event cce8f7fe-4f03-46cd-b8b9-78a4ebb9ba54 DataFlowStatus.FORWARDED
2026-01-08 20:58:33,951 DEBUG root [TrackingPublisher] publish_data_flow_event called
2026-01-08 20:58:33,952 DEBUG root [TrackingPublisher] preparing to create event for DriverConnectStatus(track_id='cce8f7fe-4f03-46cd-b8b9-78a4ebb9ba54', driver_name='WaterTank', status='offline')
2026-01-08 20:58:33,952 DEBUG root [TrackingPublisher] created event cce8f7fe-4f03-46cd-b8b9-78a4ebb9ba54 DataFlowStatus.RECEIVED
2026-01-08 20:58:33,952 DEBUG root [TrackingPublisher] queued event cce8f7fe-4f03-46cd-b8b9-78a4ebb9ba54 DataFlowStatus.RECEIVED
2026-01-08 20:58:33,953 DEBUG root [TrackingPublisher] publish_data_flow_event called
2026-01-08 20:58:33,953 DEBUG root [TrackingPublisher] preparing to create event for DriverConnectStatus(track_id='3c7e0ef6-59d9-45f6-940d-9206432dbbe8', driver_name='StressTest', status='offline')
2026-01-08 20:58:33,954 DEBUG root [TrackingPublisher] created event 3c7e0ef6-59d9-45f6-940d-9206432dbbe8 DataFlowStatus.CREATED
2026-01-08 20:58:33,954 DEBUG root [TrackingPublisher] queued event 3c7e0ef6-59d9-45f6-940d-9206432dbbe8 DataFlowStatus.CREATED
2026-01-08 20:58:33,954 DEBUG openscada_lite.modules.base.base_controller [communication] Publishing message: DriverConnectStatus(track_id='3c7e0ef6-59d9-45f6-940d-9206432dbbe8', driver_name='StressTest', status='offline')
2026-01-08 20:58:33,955 DEBUG root [TrackingPublisher] publish_data_flow_event called
2026-01-08 20:58:33,955 DEBUG root [TrackingPublisher] preparing to create event for DriverConnectStatus(track_id='3c7e0ef6-59d9-45f6-940d-9206432dbbe8', driver_name='StressTest', status='offline')
2026-01-08 20:58:33,955 DEBUG root [TrackingPublisher] created event 3c7e0ef6-59d9-45f6-940d-9206432dbbe8 DataFlowStatus.FORWARDED
2026-01-08 20:58:33,956 DEBUG root [TrackingPublisher] queued event 3c7e0ef6-59d9-45f6-940d-9206432dbbe8 DataFlowStatus.FORWARDED
2026-01-08 20:58:33,956 DEBUG root [TrackingPublisher] publish_data_flow_event called
2026-01-08 20:58:33,956 DEBUG root [TrackingPublisher] preparing to create event for DriverConnectStatus(track_id='3c7e0ef6-59d9-45f6-940d-9206432dbbe8', driver_name='StressTest', status='offline')
2026-01-08 20:58:33,956 DEBUG root [TrackingPublisher] created event 3c7e0ef6-59d9-45f6-940d-9206432dbbe8 DataFlowStatus.RECEIVED
2026-01-08 20:58:33,957 DEBUG root [TrackingPublisher] queued event 3c7e0ef6-59d9-45f6-940d-9206432dbbe8 DataFlowStatus.RECEIVED
2026-01-08 20:58:33,958 DEBUG openscada_lite.modules.base.base_controller [animation] Publishing message: AnimationUpdateMsg(track_id='f072e561-0591-4780-aa2d-16cd80b7b93e', svg_name='2.train.svg', element_id='driver-indicator', animation_type='driver_connection', value=None, config={'attr': {'fill': 'red'}, 'duration': 0.5}, timestamp=None, test=False)
2026-01-08 20:58:33,958 DEBUG root [TrackingPublisher] publish_data_flow_event called
2026-01-08 20:58:33,959 DEBUG root [TrackingPublisher] preparing to create event for AnimationUpdateMsg(track_id='f072e561-0591-4780-aa2d-16cd80b7b93e', svg_name='2.train.svg', element_id='driver-indicator', animation_type='driver_connection', value=None, config={'attr': {'fill': 'red'}, 'duration': 0.5}, timestamp=None, test=False)
2026-01-08 20:58:33,959 DEBUG root [TrackingPublisher] created event f072e561-0591-4780-aa2d-16cd80b7b93e DataFlowStatus.FORWARDED
2026-01-08 20:58:33,959 DEBUG root [TrackingPublisher] queued event f072e561-0591-4780-aa2d-16cd80b7b93e DataFlowStatus.FORWARDED
2026-01-08 20:58:33,960 DEBUG root [TrackingPublisher] publish_data_flow_event called
2026-01-08 20:58:33,960 DEBUG root [TrackingPublisher] preparing to create event for DriverConnectStatus(track_id='590fdc13-1424-4bb7-b14f-d951350d9607', driver_name='TrainTestDriver', status='offline')
2026-01-08 20:58:33,960 DEBUG root [TrackingPublisher] created event 590fdc13-1424-4bb7-b14f-d951350d9607 DataFlowStatus.CREATED
2026-01-08 20:58:33,961 DEBUG root [TrackingPublisher] queued event 590fdc13-1424-4bb7-b14f-d951350d9607 DataFlowStatus.CREATED
2026-01-08 20:58:33,961 DEBUG openscada_lite.modules.base.base_controller [communication] Publishing message: DriverConnectStatus(track_id='590fdc13-1424-4bb7-b14f-d951350d9607', driver_name='TrainTestDriver', status='offline')
2026-01-08 20:58:33,961 DEBUG root [TrackingPublisher] publish_data_flow_event called
2026-01-08 20:58:33,962 DEBUG root [TrackingPublisher] preparing to create event for DriverConnectStatus(track_id='590fdc13-1424-4bb7-b14f-d951350d9607', driver_name='TrainTestDriver', status='offline')
2026-01-08 20:58:33,962 DEBUG root [TrackingPublisher] created event 590fdc13-1424-4bb7-b14f-d951350d9607 DataFlowStatus.FORWARDED
2026-01-08 20:58:33,962 DEBUG root [TrackingPublisher] queued event 590fdc13-1424-4bb7-b14f-d951350d9607 DataFlowStatus.FORWARDED
2026-01-08 20:58:33,963 DEBUG root [TrackingPublisher] publish_data_flow_event called
2026-01-08 20:58:33,963 DEBUG root [TrackingPublisher] preparing to create event for DriverConnectStatus(track_id='590fdc13-1424-4bb7-b14f-d951350d9607', driver_name='TrainTestDriver', status='offline')
2026-01-08 20:58:33,964 DEBUG root [TrackingPublisher] created event 590fdc13-1424-4bb7-b14f-d951350d9607 DataFlowStatus.RECEIVED
2026-01-08 20:58:33,964 DEBUG root [TrackingPublisher] queued event 590fdc13-1424-4bb7-b14f-d951350d9607 DataFlowStatus.RECEIVED
2026-01-08 20:58:34,004 DEBUG openscada_lite.modules.gis.service Initializing GIS icon: GisUpdateMsg(track_id='0194dc63-d101-498e-b44a-2e1a8a294bcb', id='camera1', latitude=47.4328, longitude=8.2384, icon='/static/icons/camera.png', label='Camera 1', navigation='stream/feed1', navigation_type=None, text=None, states={}, extra={'datapoint-value': None})
2026-01-08 20:58:34,005 DEBUG openscada_lite.modules.gis.service Initializing GIS icon: GisUpdateMsg(track_id='5c912ec3-d31d-4b22-be38-d650b6f86187', id='camera2', latitude=47.4202, longitude=8.2249, icon='/static/icons/camera.png', label='Camera 2', navigation='stream/feed2', navigation_type='popup', text=None, states={}, extra={'datapoint-value': None})
2026-01-08 20:58:34,006 DEBUG openscada_lite.modules.gis.service Initializing GIS icon: GisUpdateMsg(track_id='e3079a00-dff8-4312-90e4-ab00cc2bb3a1', id='help', latitude=47.4202, longitude=8.24, icon='/static/icons/help.png', label='Help', navigation=None, navigation_type='popup', text='- In the Communication tab connect the CameraDriver\n\n- In the Command tab the cameras can be moved (LEFT/RIGHT) by sending commands on the _CMD\n\n- In the Datapoint tab you can trigger alarms by setting the _ALARM datapoint to True\n\n- In the Communication tab connect the OPCUAServerDriver, connect with a standard OPC UA browser on the opc.tcp://www.openscadalite.com:4840 to control the cameras from an OPC UA Client', states={}, extra={'datapoint-value': None})
2026-01-08 20:58:34,007 DEBUG openscada_lite.modules.gis.service Initializing GIS icon: GisUpdateMsg(track_id='8ec9458d-0ba4-4f2b-8045-7f2054aa13c5', id='camera3', latitude=47.4081, longitude=8.214, icon='/static/icons/camera.png', label='Camera 3', navigation='stream/feed3', navigation_type=None, text=None, states={}, extra={'datapoint-value': None})
2026-01-08 20:58:34,041 INFO openscada_lite.modules.rule.manager.rule_manager Initializing RuleEngine with datapoint types: ['BOOL', 'CAMERA_POSITION', 'LEVEL', 'OPENED_CLOSED', 'OPEN_CLOSE_CMD', 'PRESSURE', 'START_STOP', 'START_STOP_CMD', 'SWITCH_CONTROL', 'SWITCH_CONTROL_CMD', 'TEMPERATURE']
2026-01-08 20:58:34,060 INFO openscada_lite.app [LIFESPAN] Startup complete
2026-01-08 20:58:34,140 DEBUG root [TrackingPublisher] worker got item from queue: DataFlowEventMsg(track_id='1cb0c57c-7727-4a68-911d-bcbb94f3e6b4', event_type='DriverConnectStatus', source='CommunicationService', status=<DataFlowStatus.CREATED: 'created'>, timestamp=datetime.datetime(2026, 1, 8, 20, 58, 33, 937277), payload={'driver_name': 'OPCUAServerDriver', 'status': 'offline'})
2026-01-08 20:58:34,141 DEBUG root [TrackingPublisher] scheduling publish for 1cb0c57c-7727-4a68-911d-bcbb94f3e6b4
2026-01-08 20:58:34,142 DEBUG root [TrackingPublisher] worker got item from queue: DataFlowEventMsg(track_id='1cb0c57c-7727-4a68-911d-bcbb94f3e6b4', event_type='DriverConnectStatus', source='CommunicationController', status=<DataFlowStatus.FORWARDED: 'forwarded'>, timestamp=datetime.datetime(2026, 1, 8, 20, 58, 33, 941195), payload={'driver_name': 'OPCUAServerDriver', 'status': 'offline'})
2026-01-08 20:58:34,143 DEBUG openscada_lite.modules.base.base_controller [tracking] Publishing message: DataFlowEventMsg(track_id='1cb0c57c-7727-4a68-911d-bcbb94f3e6b4', event_type='DriverConnectStatus', source='CommunicationService', status=<DataFlowStatus.CREATED: 'created'>, timestamp=datetime.datetime(2026, 1, 8, 20, 58, 33, 937277), payload={'driver_name': 'OPCUAServerDriver', 'status': 'offline'})
2026-01-08 20:58:34,143 DEBUG root [TrackingPublisher] scheduling publish for 1cb0c57c-7727-4a68-911d-bcbb94f3e6b4
2026-01-08 20:58:34,144 DEBUG root [TrackingPublisher] worker got item from queue: DataFlowEventMsg(track_id='1cb0c57c-7727-4a68-911d-bcbb94f3e6b4', event_type='DriverConnectStatus', source='ConnectorManager', status=<DataFlowStatus.RECEIVED: 'received'>, timestamp=datetime.datetime(2026, 1, 8, 20, 58, 33, 942645), payload={'driver_name': 'OPCUAServerDriver', 'status': 'offline'})
2026-01-08 20:58:34,144 DEBUG openscada_lite.modules.base.base_controller [tracking] Publishing message: DataFlowEventMsg(track_id='1cb0c57c-7727-4a68-911d-bcbb94f3e6b4', event_type='DriverConnectStatus', source='CommunicationController', status=<DataFlowStatus.FORWARDED: 'forwarded'>, timestamp=datetime.datetime(2026, 1, 8, 20, 58, 33, 941195), payload={'driver_name': 'OPCUAServerDriver', 'status': 'offline'})
2026-01-08 20:58:34,145 DEBUG root [TrackingPublisher] scheduling publish for 1cb0c57c-7727-4a68-911d-bcbb94f3e6b4
2026-01-08 20:58:34,146 DEBUG openscada_lite.modules.base.base_controller [tracking] Publishing message: DataFlowEventMsg(track_id='1cb0c57c-7727-4a68-911d-bcbb94f3e6b4', event_type='DriverConnectStatus', source='ConnectorManager', status=<DataFlowStatus.RECEIVED: 'received'>, timestamp=datetime.datetime(2026, 1, 8, 20, 58, 33, 942645), payload={'driver_name': 'OPCUAServerDriver', 'status': 'offline'})
2026-01-08 20:58:34,146 DEBUG root [TrackingPublisher] worker got item from queue: DataFlowEventMsg(track_id='8187f7ca-a56d-4684-be82-7cb80ef5ec6f', event_type='DriverConnectStatus', source='CommunicationService', status=<DataFlowStatus.CREATED: 'created'>, timestamp=datetime.datetime(2026, 1, 8, 20, 58, 33, 944461), payload={'driver_name': 'CameraDriver', 'status': 'offline'})
2026-01-08 20:58:34,148 DEBUG root [TrackingPublisher] scheduling publish for 8187f7ca-a56d-4684-be82-7cb80ef5ec6f
2026-01-08 20:58:34,148 DEBUG root [TrackingPublisher] worker got item from queue: DataFlowEventMsg(track_id='8187f7ca-a56d-4684-be82-7cb80ef5ec6f', event_type='DriverConnectStatus', source='CommunicationController', status=<DataFlowStatus.FORWARDED: 'forwarded'>, timestamp=datetime.datetime(2026, 1, 8, 20, 58, 33, 946348), payload={'driver_name': 'CameraDriver', 'status': 'offline'})
2026-01-08 20:58:34,149 DEBUG openscada_lite.modules.base.base_controller [tracking] Publishing message: DataFlowEventMsg(track_id='8187f7ca-a56d-4684-be82-7cb80ef5ec6f', event_type='DriverConnectStatus', source='CommunicationService', status=<DataFlowStatus.CREATED: 'created'>, timestamp=datetime.datetime(2026, 1, 8, 20, 58, 33, 944461), payload={'driver_name': 'CameraDriver', 'status': 'offline'})
2026-01-08 20:58:34,149 DEBUG root [TrackingPublisher] scheduling publish for 8187f7ca-a56d-4684-be82-7cb80ef5ec6f
2026-01-08 20:58:34,150 DEBUG root [TrackingPublisher] worker got item from queue: DataFlowEventMsg(track_id='8187f7ca-a56d-4684-be82-7cb80ef5ec6f', event_type='DriverConnectStatus', source='ConnectorManager', status=<DataFlowStatus.RECEIVED: 'received'>, timestamp=datetime.datetime(2026, 1, 8, 20, 58, 33, 947495), payload={'driver_name': 'CameraDriver', 'status': 'offline'})
2026-01-08 20:58:34,150 DEBUG openscada_lite.modules.base.base_controller [tracking] Publishing message: DataFlowEventMsg(track_id='8187f7ca-a56d-4684-be82-7cb80ef5ec6f', event_type='DriverConnectStatus', source='CommunicationController', status=<DataFlowStatus.FORWARDED: 'forwarded'>, timestamp=datetime.datetime(2026, 1, 8, 20, 58, 33, 946348), payload={'driver_name': 'CameraDriver', 'status': 'offline'})
2026-01-08 20:58:34,150 DEBUG root [TrackingPublisher] scheduling publish for 8187f7ca-a56d-4684-be82-7cb80ef5ec6f
2026-01-08 20:58:34,151 DEBUG openscada_lite.modules.base.base_controller [tracking] Publishing message: DataFlowEventMsg(track_id='8187f7ca-a56d-4684-be82-7cb80ef5ec6f', event_type='DriverConnectStatus', source='ConnectorManager', status=<DataFlowStatus.RECEIVED: 'received'>, timestamp=datetime.datetime(2026, 1, 8, 20, 58, 33, 947495), payload={'driver_name': 'CameraDriver', 'status': 'offline'})
2026-01-08 20:58:34,151 DEBUG root [TrackingPublisher] worker got item from queue: DataFlowEventMsg(track_id='cce8f7fe-4f03-46cd-b8b9-78a4ebb9ba54', event_type='DriverConnectStatus', source='CommunicationService', status=<DataFlowStatus.CREATED: 'created'>, timestamp=datetime.datetime(2026, 1, 8, 20, 58, 33, 949135), payload={'driver_name': 'WaterTank', 'status': 'offline'})
2026-01-08 20:58:34,154 DEBUG root [TrackingPublisher] scheduling publish for cce8f7fe-4f03-46cd-b8b9-78a4ebb9ba54
2026-01-08 20:58:34,155 DEBUG root [TrackingPublisher] worker got item from queue: DataFlowEventMsg(track_id='cce8f7fe-4f03-46cd-b8b9-78a4ebb9ba54', event_type='DriverConnectStatus', source='CommunicationController', status=<DataFlowStatus.FORWARDED: 'forwarded'>, timestamp=datetime.datetime(2026, 1, 8, 20, 58, 33, 950868), payload={'driver_name': 'WaterTank', 'status': 'offline'})
2026-01-08 20:58:34,156 DEBUG openscada_lite.modules.base.base_controller [tracking] Publishing message: DataFlowEventMsg(track_id='cce8f7fe-4f03-46cd-b8b9-78a4ebb9ba54', event_type='DriverConnectStatus', source='CommunicationService', status=<DataFlowStatus.CREATED: 'created'>, timestamp=datetime.datetime(2026, 1, 8, 20, 58, 33, 949135), payload={'driver_name': 'WaterTank', 'status': 'offline'})
2026-01-08 20:58:34,156 DEBUG root [TrackingPublisher] scheduling publish for cce8f7fe-4f03-46cd-b8b9-78a4ebb9ba54
2026-01-08 20:58:34,157 DEBUG root [TrackingPublisher] worker got item from queue: DataFlowEventMsg(track_id='cce8f7fe-4f03-46cd-b8b9-78a4ebb9ba54', event_type='DriverConnectStatus', source='ConnectorManager', status=<DataFlowStatus.RECEIVED: 'received'>, timestamp=datetime.datetime(2026, 1, 8, 20, 58, 33, 952317), payload={'driver_name': 'WaterTank', 'status': 'offline'})
2026-01-08 20:58:34,158 DEBUG openscada_lite.modules.base.base_controller [tracking] Publishing message: DataFlowEventMsg(track_id='cce8f7fe-4f03-46cd-b8b9-78a4ebb9ba54', event_type='DriverConnectStatus', source='CommunicationController', status=<DataFlowStatus.FORWARDED: 'forwarded'>, timestamp=datetime.datetime(2026, 1, 8, 20, 58, 33, 950868), payload={'driver_name': 'WaterTank', 'status': 'offline'})
2026-01-08 20:58:34,158 DEBUG root [TrackingPublisher] scheduling publish for cce8f7fe-4f03-46cd-b8b9-78a4ebb9ba54
2026-01-08 20:58:34,159 DEBUG root [TrackingPublisher] worker got item from queue: DataFlowEventMsg(track_id='3c7e0ef6-59d9-45f6-940d-9206432dbbe8', event_type='DriverConnectStatus', source='CommunicationService', status=<DataFlowStatus.CREATED: 'created'>, timestamp=datetime.datetime(2026, 1, 8, 20, 58, 33, 954051), payload={'driver_name': 'StressTest', 'status': 'offline'})
2026-01-08 20:58:34,159 DEBUG openscada_lite.modules.base.base_controller [tracking] Publishing message: DataFlowEventMsg(track_id='cce8f7fe-4f03-46cd-b8b9-78a4ebb9ba54', event_type='DriverConnectStatus', source='ConnectorManager', status=<DataFlowStatus.RECEIVED: 'received'>, timestamp=datetime.datetime(2026, 1, 8, 20, 58, 33, 952317), payload={'driver_name': 'WaterTank', 'status': 'offline'})
2026-01-08 20:58:34,159 DEBUG root [TrackingPublisher] scheduling publish for 3c7e0ef6-59d9-45f6-940d-9206432dbbe8
2026-01-08 20:58:34,160 DEBUG root [TrackingPublisher] worker got item from queue: DataFlowEventMsg(track_id='3c7e0ef6-59d9-45f6-940d-9206432dbbe8', event_type='DriverConnectStatus', source='CommunicationController', status=<DataFlowStatus.FORWARDED: 'forwarded'>, timestamp=datetime.datetime(2026, 1, 8, 20, 58, 33, 955769), payload={'driver_name': 'StressTest', 'status': 'offline'})
2026-01-08 20:58:34,161 DEBUG openscada_lite.modules.base.base_controller [tracking] Publishing message: DataFlowEventMsg(track_id='3c7e0ef6-59d9-45f6-940d-9206432dbbe8', event_type='DriverConnectStatus', source='CommunicationService', status=<DataFlowStatus.CREATED: 'created'>, timestamp=datetime.datetime(2026, 1, 8, 20, 58, 33, 954051), payload={'driver_name': 'StressTest', 'status': 'offline'})
2026-01-08 20:58:34,161 DEBUG root [TrackingPublisher] scheduling publish for 3c7e0ef6-59d9-45f6-940d-9206432dbbe8
2026-01-08 20:58:34,162 DEBUG root [TrackingPublisher] worker got item from queue: DataFlowEventMsg(track_id='3c7e0ef6-59d9-45f6-940d-9206432dbbe8', event_type='DriverConnectStatus', source='ConnectorManager', status=<DataFlowStatus.RECEIVED: 'received'>, timestamp=datetime.datetime(2026, 1, 8, 20, 58, 33, 956900), payload={'driver_name': 'StressTest', 'status': 'offline'})
2026-01-08 20:58:34,162 DEBUG openscada_lite.modules.base.base_controller [tracking] Publishing message: DataFlowEventMsg(track_id='3c7e0ef6-59d9-45f6-940d-9206432dbbe8', event_type='DriverConnectStatus', source='CommunicationController', status=<DataFlowStatus.FORWARDED: 'forwarded'>, timestamp=datetime.datetime(2026, 1, 8, 20, 58, 33, 955769), payload={'driver_name': 'StressTest', 'status': 'offline'})
2026-01-08 20:58:34,162 DEBUG root [TrackingPublisher] scheduling publish for 3c7e0ef6-59d9-45f6-940d-9206432dbbe8
2026-01-08 20:58:34,164 DEBUG openscada_lite.modules.base.base_controller [tracking] Publishing message: DataFlowEventMsg(track_id='3c7e0ef6-59d9-45f6-940d-9206432dbbe8', event_type='DriverConnectStatus', source='ConnectorManager', status=<DataFlowStatus.RECEIVED: 'received'>, timestamp=datetime.datetime(2026, 1, 8, 20, 58, 33, 956900), payload={'driver_name': 'StressTest', 'status': 'offline'})
2026-01-08 20:58:34,164 DEBUG root [TrackingPublisher] worker got item from queue: DataFlowEventMsg(track_id='f072e561-0591-4780-aa2d-16cd80b7b93e', event_type='AnimationUpdateMsg', source='AnimationController', status=<DataFlowStatus.FORWARDED: 'forwarded'>, timestamp=datetime.datetime(2026, 1, 8, 20, 58, 33, 959456), payload={'element_id': 'driver-indicator', 'animation': 'driver_connection', 'value': None, 'svg_name': '2.train.svg', 'timestamp': None})
2026-01-08 20:58:34,165 DEBUG root [TrackingPublisher] scheduling publish for f072e561-0591-4780-aa2d-16cd80b7b93e
2026-01-08 20:58:34,165 DEBUG root [TrackingPublisher] worker got item from queue: DataFlowEventMsg(track_id='590fdc13-1424-4bb7-b14f-d951350d9607', event_type='DriverConnectStatus', source='CommunicationService', status=<DataFlowStatus.CREATED: 'created'>, timestamp=datetime.datetime(2026, 1, 8, 20, 58, 33, 960781), payload={'driver_name': 'TrainTestDriver', 'status': 'offline'})
2026-01-08 20:58:34,165 DEBUG openscada_lite.modules.base.base_controller [tracking] Publishing message: DataFlowEventMsg(track_id='f072e561-0591-4780-aa2d-16cd80b7b93e', event_type='AnimationUpdateMsg', source='AnimationController', status=<DataFlowStatus.FORWARDED: 'forwarded'>, timestamp=datetime.datetime(2026, 1, 8, 20, 58, 33, 959456), payload={'element_id': 'driver-indicator', 'animation': 'driver_connection', 'value': None, 'svg_name': '2.train.svg', 'timestamp': None})
2026-01-08 20:58:34,166 DEBUG root [TrackingPublisher] scheduling publish for 590fdc13-1424-4bb7-b14f-d951350d9607
2026-01-08 20:58:34,167 DEBUG root [TrackingPublisher] worker got item from queue: DataFlowEventMsg(track_id='590fdc13-1424-4bb7-b14f-d951350d9607', event_type='DriverConnectStatus', source='CommunicationController', status=<DataFlowStatus.FORWARDED: 'forwarded'>, timestamp=datetime.datetime(2026, 1, 8, 20, 58, 33, 962524), payload={'driver_name': 'TrainTestDriver', 'status': 'offline'})
2026-01-08 20:58:34,167 DEBUG openscada_lite.modules.base.base_controller [tracking] Publishing message: DataFlowEventMsg(track_id='590fdc13-1424-4bb7-b14f-d951350d9607', event_type='DriverConnectStatus', source='CommunicationService', status=<DataFlowStatus.CREATED: 'created'>, timestamp=datetime.datetime(2026, 1, 8, 20, 58, 33, 960781), payload={'driver_name': 'TrainTestDriver', 'status': 'offline'})
2026-01-08 20:58:34,167 DEBUG root [TrackingPublisher] scheduling publish for 590fdc13-1424-4bb7-b14f-d951350d9607
2026-01-08 20:58:34,168 DEBUG root [TrackingPublisher] worker got item from queue: DataFlowEventMsg(track_id='590fdc13-1424-4bb7-b14f-d951350d9607', event_type='DriverConnectStatus', source='ConnectorManager', status=<DataFlowStatus.RECEIVED: 'received'>, timestamp=datetime.datetime(2026, 1, 8, 20, 58, 33, 964032), payload={'driver_name': 'TrainTestDriver', 'status': 'offline'})
2026-01-08 20:58:34,169 DEBUG openscada_lite.modules.base.base_controller [tracking] Publishing message: DataFlowEventMsg(track_id='590fdc13-1424-4bb7-b14f-d951350d9607', event_type='DriverConnectStatus', source='CommunicationController', status=<DataFlowStatus.FORWARDED: 'forwarded'>, timestamp=datetime.datetime(2026, 1, 8, 20, 58, 33, 962524), payload={'driver_name': 'TrainTestDriver', 'status': 'offline'})
2026-01-08 20:58:34,169 DEBUG root [TrackingPublisher] scheduling publish for 590fdc13-1424-4bb7-b14f-d951350d9607
2026-01-08 20:58:34,170 DEBUG openscada_lite.modules.base.base_controller [tracking] Publishing message: DataFlowEventMsg(track_id='590fdc13-1424-4bb7-b14f-d951350d9607', event_type='DriverConnectStatus', source='ConnectorManager', status=<DataFlowStatus.RECEIVED: 'received'>, timestamp=datetime.datetime(2026, 1, 8, 20, 58, 33, 964032), payload={'driver_name': 'TrainTestDriver', 'status': 'offline'})
2026-01-08 20:59:56,682 DEBUG root [TrackingPublisher] worker got item from queue: None
2026-01-08 20:59:56,683 INFO openscada_lite.app [LIFESPAN] Shutdown complete
2026-01-08 20:59:59,915 INFO openscada_lite.app [LIFESPAN] Startup starting...
2026-01-08 20:59:59,916 DEBUG root [TrackingPublisher] loop injected: <ProactorEventLoop running=True closed=False debug=False>
2026-01-08 20:59:59,919 DEBUG root [TrackingPublisher] worker started, waiting for events...
2026-01-08 21:00:00,888 INFO openscada_lite.modules.communication.drivers.opc_ua_server_driver [OPCUA] Will expose 6 nodes on connect()
2026-01-08 21:00:00,889 INFO openscada_lite.modules.communication.drivers.test.test_driver [INIT] Creating TestDriver CameraDriver
2026-01-08 21:00:00,890 INFO openscada_lite.modules.communication.drivers.test.test_driver [INIT] Creating TestDriver WaterTank
2026-01-08 21:00:00,891 INFO openscada_lite.modules.communication.drivers.test.test_driver [INIT] Creating TestDriver StressTest
2026-01-08 21:00:00,894 INFO openscada_lite.modules.communication.drivers.test.test_driver [INIT] Creating TestDriver TrainTestDriver
2026-01-08 21:00:00,895 DEBUG root [TrackingPublisher] publish_data_flow_event called
2026-01-08 21:00:00,895 DEBUG root [TrackingPublisher] preparing to create event for DriverConnectStatus(track_id='8c16b12d-498a-4d02-97a7-d139bb83dd13', driver_name='OPCUAServerDriver', status='offline')
2026-01-08 21:00:00,896 DEBUG root [TrackingPublisher] created event 8c16b12d-498a-4d02-97a7-d139bb83dd13 DataFlowStatus.CREATED
2026-01-08 21:00:00,896 DEBUG root [TrackingPublisher] queued event 8c16b12d-498a-4d02-97a7-d139bb83dd13 DataFlowStatus.CREATED
2026-01-08 21:00:00,897 DEBUG root [TrackingPublisher] worker got item from queue: DataFlowEventMsg(track_id='8c16b12d-498a-4d02-97a7-d139bb83dd13', event_type='DriverConnectStatus', source='CommunicationService', status=<DataFlowStatus.CREATED: 'created'>, timestamp=datetime.datetime(2026, 1, 8, 21, 0, 0, 896419), payload={'driver_name': 'OPCUAServerDriver', 'status': 'offline'})
2026-01-08 21:00:00,897 DEBUG openscada_lite.modules.base.base_controller [communication] Publishing message: DriverConnectStatus(track_id='8c16b12d-498a-4d02-97a7-d139bb83dd13', driver_name='OPCUAServerDriver', status='offline')
2026-01-08 21:00:00,898 DEBUG root [TrackingPublisher] not enabled or loop not ready, requeuing event 8c16b12d-498a-4d02-97a7-d139bb83dd13
2026-01-08 21:00:00,898 DEBUG root [TrackingPublisher] publish_data_flow_event called
2026-01-08 21:00:00,899 DEBUG root [TrackingPublisher] preparing to create event for DriverConnectStatus(track_id='8c16b12d-498a-4d02-97a7-d139bb83dd13', driver_name='OPCUAServerDriver', status='offline')
2026-01-08 21:00:00,899 DEBUG root [TrackingPublisher] created event 8c16b12d-498a-4d02-97a7-d139bb83dd13 DataFlowStatus.FORWARDED
2026-01-08 21:00:00,899 DEBUG root [TrackingPublisher] queued event 8c16b12d-498a-4d02-97a7-d139bb83dd13 DataFlowStatus.FORWARDED
2026-01-08 21:00:00,900 DEBUG root [TrackingPublisher] publish_data_flow_event called
2026-01-08 21:00:00,900 DEBUG root [TrackingPublisher] preparing to create event for DriverConnectStatus(track_id='8c16b12d-498a-4d02-97a7-d139bb83dd13', driver_name='OPCUAServerDriver', status='offline')
2026-01-08 21:00:00,900 DEBUG root [TrackingPublisher] created event 8c16b12d-498a-4d02-97a7-d139bb83dd13 DataFlowStatus.RECEIVED
2026-01-08 21:00:00,901 DEBUG root [TrackingPublisher] queued event 8c16b12d-498a-4d02-97a7-d139bb83dd13 DataFlowStatus.RECEIVED
2026-01-08 21:00:00,901 DEBUG root [TrackingPublisher] publish_data_flow_event called
2026-01-08 21:00:00,902 DEBUG root [TrackingPublisher] preparing to create event for DriverConnectStatus(track_id='73c48d9f-5253-4448-9260-34ee94c0db43', driver_name='CameraDriver', status='offline')
2026-01-08 21:00:00,902 DEBUG root [TrackingPublisher] created event 73c48d9f-5253-4448-9260-34ee94c0db43 DataFlowStatus.CREATED
2026-01-08 21:00:00,902 DEBUG root [TrackingPublisher] queued event 73c48d9f-5253-4448-9260-34ee94c0db43 DataFlowStatus.CREATED
2026-01-08 21:00:00,903 DEBUG openscada_lite.modules.base.base_controller [communication] Publishing message: DriverConnectStatus(track_id='73c48d9f-5253-4448-9260-34ee94c0db43', driver_name='CameraDriver', status='offline')
2026-01-08 21:00:00,903 DEBUG root [TrackingPublisher] publish_data_flow_event called
2026-01-08 21:00:00,904 DEBUG root [TrackingPublisher] preparing to create event for DriverConnectStatus(track_id='73c48d9f-5253-4448-9260-34ee94c0db43', driver_name='CameraDriver', status='offline')
2026-01-08 21:00:00,904 DEBUG root [TrackingPublisher] created event 73c48d9f-5253-4448-9260-34ee94c0db43 DataFlowStatus.FORWARDED
2026-01-08 21:00:00,905 DEBUG root [TrackingPublisher] queued event 73c48d9f-5253-4448-9260-34ee94c0db43 DataFlowStatus.FORWARDED
2026-01-08 21:00:00,905 DEBUG root [TrackingPublisher] publish_data_flow_event called
2026-01-08 21:00:00,906 DEBUG root [TrackingPublisher] preparing to create event for DriverConnectStatus(track_id='73c48d9f-5253-4448-9260-34ee94c0db43', driver_name='CameraDriver', status='offline')
2026-01-08 21:00:00,906 DEBUG root [TrackingPublisher] created event 73c48d9f-5253-4448-9260-34ee94c0db43 DataFlowStatus.RECEIVED
2026-01-08 21:00:00,907 DEBUG root [TrackingPublisher] queued event 73c48d9f-5253-4448-9260-34ee94c0db43 DataFlowStatus.RECEIVED
2026-01-08 21:00:00,907 DEBUG root [TrackingPublisher] publish_data_flow_event called
2026-01-08 21:00:00,908 DEBUG root [TrackingPublisher] preparing to create event for DriverConnectStatus(track_id='1543f2d2-e2bc-4b47-9a7c-b3d5e27f5391', driver_name='WaterTank', status='offline')
2026-01-08 21:00:00,909 DEBUG root [TrackingPublisher] created event 1543f2d2-e2bc-4b47-9a7c-b3d5e27f5391 DataFlowStatus.CREATED
2026-01-08 21:00:00,909 DEBUG root [TrackingPublisher] queued event 1543f2d2-e2bc-4b47-9a7c-b3d5e27f5391 DataFlowStatus.CREATED
2026-01-08 21:00:00,909 DEBUG openscada_lite.modules.base.base_controller [communication] Publishing message: DriverConnectStatus(track_id='1543f2d2-e2bc-4b47-9a7c-b3d5e27f5391', driver_name='WaterTank', status='offline')
2026-01-08 21:00:00,910 DEBUG root [TrackingPublisher] publish_data_flow_event called
2026-01-08 21:00:00,910 DEBUG root [TrackingPublisher] preparing to create event for DriverConnectStatus(track_id='1543f2d2-e2bc-4b47-9a7c-b3d5e27f5391', driver_name='WaterTank', status='offline')
2026-01-08 21:00:00,912 DEBUG root [TrackingPublisher] created event 1543f2d2-e2bc-4b47-9a7c-b3d5e27f5391 DataFlowStatus.FORWARDED
2026-01-08 21:00:00,912 DEBUG root [TrackingPublisher] queued event 1543f2d2-e2bc-4b47-9a7c-b3d5e27f5391 DataFlowStatus.FORWARDED
2026-01-08 21:00:00,913 DEBUG root [TrackingPublisher] publish_data_flow_event called
2026-01-08 21:00:00,913 DEBUG root [TrackingPublisher] preparing to create event for DriverConnectStatus(track_id='1543f2d2-e2bc-4b47-9a7c-b3d5e27f5391', driver_name='WaterTank', status='offline')
2026-01-08 21:00:00,913 DEBUG root [TrackingPublisher] created event 1543f2d2-e2bc-4b47-9a7c-b3d5e27f5391 DataFlowStatus.RECEIVED
2026-01-08 21:00:00,913 DEBUG root [TrackingPublisher] queued event 1543f2d2-e2bc-4b47-9a7c-b3d5e27f5391 DataFlowStatus.RECEIVED
2026-01-08 21:00:00,914 DEBUG root [TrackingPublisher] publish_data_flow_event called
2026-01-08 21:00:00,914 DEBUG root [TrackingPublisher] preparing to create event for DriverConnectStatus(track_id='dfc2dab9-bcfd-4aa1-ba82-56eb7a1884ae', driver_name='StressTest', status='offline')
2026-01-08 21:00:00,914 DEBUG root [TrackingPublisher] created event dfc2dab9-bcfd-4aa1-ba82-56eb7a1884ae DataFlowStatus.CREATED
2026-01-08 21:00:00,915 DEBUG root [TrackingPublisher] queued event dfc2dab9-bcfd-4aa1-ba82-56eb7a1884ae DataFlowStatus.CREATED
2026-01-08 21:00:00,915 DEBUG openscada_lite.modules.base.base_controller [communication] Publishing message: DriverConnectStatus(track_id='dfc2dab9-bcfd-4aa1-ba82-56eb7a1884ae', driver_name='StressTest', status='offline')
2026-01-08 21:00:00,915 DEBUG root [TrackingPublisher] publish_data_flow_event called
2026-01-08 21:00:00,916 DEBUG root [TrackingPublisher] preparing to create event for DriverConnectStatus(track_id='dfc2dab9-bcfd-4aa1-ba82-56eb7a1884ae', driver_name='StressTest', status='offline')
2026-01-08 21:00:00,916 DEBUG root [TrackingPublisher] created event dfc2dab9-bcfd-4aa1-ba82-56eb7a1884ae DataFlowStatus.FORWARDED
2026-01-08 21:00:00,916 DEBUG root [TrackingPublisher] queued event dfc2dab9-bcfd-4aa1-ba82-56eb7a1884ae DataFlowStatus.FORWARDED
2026-01-08 21:00:00,917 DEBUG root [TrackingPublisher] publish_data_flow_event called
2026-01-08 21:00:00,917 DEBUG root [TrackingPublisher] preparing to create event for DriverConnectStatus(track_id='dfc2dab9-bcfd-4aa1-ba82-56eb7a1884ae', driver_name='StressTest', status='offline')
2026-01-08 21:00:00,917 DEBUG root [TrackingPublisher] created event dfc2dab9-bcfd-4aa1-ba82-56eb7a1884ae DataFlowStatus.RECEIVED
2026-01-08 21:00:00,918 DEBUG root [TrackingPublisher] queued event dfc2dab9-bcfd-4aa1-ba82-56eb7a1884ae DataFlowStatus.RECEIVED
2026-01-08 21:00:00,918 DEBUG openscada_lite.modules.base.base_controller [animation] Publishing message: AnimationUpdateMsg(track_id='fb14d5f3-6368-4a26-ade2-96c05135ec71', svg_name='2.train.svg', element_id='driver-indicator', animation_type='driver_connection', value=None, config={'attr': {'fill': 'red'}, 'duration': 0.5}, timestamp=None, test=False)
2026-01-08 21:00:00,919 DEBUG root [TrackingPublisher] publish_data_flow_event called
2026-01-08 21:00:00,919 DEBUG root [TrackingPublisher] preparing to create event for AnimationUpdateMsg(track_id='fb14d5f3-6368-4a26-ade2-96c05135ec71', svg_name='2.train.svg', element_id='driver-indicator', animation_type='driver_connection', value=None, config={'attr': {'fill': 'red'}, 'duration': 0.5}, timestamp=None, test=False)
2026-01-08 21:00:00,919 DEBUG root [TrackingPublisher] created event fb14d5f3-6368-4a26-ade2-96c05135ec71 DataFlowStatus.FORWARDED
2026-01-08 21:00:00,920 DEBUG root [TrackingPublisher] queued event fb14d5f3-6368-4a26-ade2-96c05135ec71 DataFlowStatus.FORWARDED
2026-01-08 21:00:00,920 DEBUG root [TrackingPublisher] publish_data_flow_event called
2026-01-08 21:00:00,921 DEBUG root [TrackingPublisher] preparing to create event for DriverConnectStatus(track_id='cdececd3-8d67-450e-82fc-02c8eb2b0165', driver_name='TrainTestDriver', status='offline')
2026-01-08 21:00:00,921 DEBUG root [TrackingPublisher] created event cdececd3-8d67-450e-82fc-02c8eb2b0165 DataFlowStatus.CREATED
2026-01-08 21:00:00,921 DEBUG root [TrackingPublisher] queued event cdececd3-8d67-450e-82fc-02c8eb2b0165 DataFlowStatus.CREATED
2026-01-08 21:00:00,922 DEBUG openscada_lite.modules.base.base_controller [communication] Publishing message: DriverConnectStatus(track_id='cdececd3-8d67-450e-82fc-02c8eb2b0165', driver_name='TrainTestDriver', status='offline')
2026-01-08 21:00:00,922 DEBUG root [TrackingPublisher] publish_data_flow_event called
2026-01-08 21:00:00,922 DEBUG root [TrackingPublisher] preparing to create event for DriverConnectStatus(track_id='cdececd3-8d67-450e-82fc-02c8eb2b0165', driver_name='TrainTestDriver', status='offline')
2026-01-08 21:00:00,923 DEBUG root [TrackingPublisher] created event cdececd3-8d67-450e-82fc-02c8eb2b0165 DataFlowStatus.FORWARDED
2026-01-08 21:00:00,923 DEBUG root [TrackingPublisher] queued event cdececd3-8d67-450e-82fc-02c8eb2b0165 DataFlowStatus.FORWARDED
2026-01-08 21:00:00,923 DEBUG root [TrackingPublisher] publish_data_flow_event called
2026-01-08 21:00:00,924 DEBUG root [TrackingPublisher] preparing to create event for DriverConnectStatus(track_id='cdececd3-8d67-450e-82fc-02c8eb2b0165', driver_name='TrainTestDriver', status='offline')
2026-01-08 21:00:00,924 DEBUG root [TrackingPublisher] created event cdececd3-8d67-450e-82fc-02c8eb2b0165 DataFlowStatus.RECEIVED
2026-01-08 21:00:00,925 DEBUG root [TrackingPublisher] queued event cdececd3-8d67-450e-82fc-02c8eb2b0165 DataFlowStatus.RECEIVED
2026-01-08 21:00:00,967 DEBUG openscada_lite.modules.gis.service Initializing GIS icon: GisUpdateMsg(track_id='c8673136-3680-4717-a468-72d520a67226', id='camera1', latitude=47.4328, longitude=8.2384, icon='/static/icons/camera.png', label='Camera 1', navigation='stream/feed1', navigation_type=None, text=None, states={}, extra={'datapoint-value': None})
2026-01-08 21:00:00,968 DEBUG openscada_lite.modules.gis.service Initializing GIS icon: GisUpdateMsg(track_id='927264db-296c-4310-a5bc-84af62300694', id='camera2', latitude=47.4202, longitude=8.2249, icon='/static/icons/camera.png', label='Camera 2', navigation='stream/feed2', navigation_type='popup', text=None, states={}, extra={'datapoint-value': None})
2026-01-08 21:00:00,968 DEBUG openscada_lite.modules.gis.service Initializing GIS icon: GisUpdateMsg(track_id='dc8e8fd7-ceae-4fbb-b92b-08908a5f4886', id='help', latitude=47.4202, longitude=8.24, icon='/static/icons/help.png', label='Help', navigation=None, navigation_type='popup', text='- In the Communication tab connect the CameraDriver\n\n- In the Command tab the cameras can be moved (LEFT/RIGHT) by sending commands on the _CMD\n\n- In the Datapoint tab you can trigger alarms by setting the _ALARM datapoint to True\n\n- In the Communication tab connect the OPCUAServerDriver, connect with a standard OPC UA browser on the opc.tcp://www.openscadalite.com:4840 to control the cameras from an OPC UA Client', states={}, extra={'datapoint-value': None})
2026-01-08 21:00:00,969 DEBUG openscada_lite.modules.gis.service Initializing GIS icon: GisUpdateMsg(track_id='84286d4c-09bb-49f1-8482-1a62a75d232e', id='camera3', latitude=47.4081, longitude=8.214, icon='/static/icons/camera.png', label='Camera 3', navigation='stream/feed3', navigation_type=None, text=None, states={}, extra={'datapoint-value': None})
2026-01-08 21:00:01,007 INFO openscada_lite.modules.rule.manager.rule_manager Initializing RuleEngine with datapoint types: ['BOOL', 'CAMERA_POSITION', 'LEVEL', 'OPENED_CLOSED', 'OPEN_CLOSE_CMD', 'PRESSURE', 'START_STOP', 'START_STOP_CMD', 'SWITCH_CONTROL', 'SWITCH_CONTROL_CMD', 'TEMPERATURE']
2026-01-08 21:00:01,030 INFO openscada_lite.app [LIFESPAN] Startup complete
2026-01-08 21:00:01,098 DEBUG root [TrackingPublisher] worker got item from queue: DataFlowEventMsg(track_id='8c16b12d-498a-4d02-97a7-d139bb83dd13', event_type='DriverConnectStatus', source='CommunicationService', status=<DataFlowStatus.CREATED: 'created'>, timestamp=datetime.datetime(2026, 1, 8, 21, 0, 0, 896419), payload={'driver_name': 'OPCUAServerDriver', 'status': 'offline'})
2026-01-08 21:00:01,099 DEBUG root [TrackingPublisher] scheduling publish for 8c16b12d-498a-4d02-97a7-d139bb83dd13
2026-01-08 21:00:01,100 DEBUG root [TrackingPublisher] worker got item from queue: DataFlowEventMsg(track_id='8c16b12d-498a-4d02-97a7-d139bb83dd13', event_type='DriverConnectStatus', source='CommunicationController', status=<DataFlowStatus.FORWARDED: 'forwarded'>, timestamp=datetime.datetime(2026, 1, 8, 21, 0, 0, 899554), payload={'driver_name': 'OPCUAServerDriver', 'status': 'offline'})
2026-01-08 21:00:01,100 DEBUG openscada_lite.modules.base.base_controller [tracking] Publishing message: DataFlowEventMsg(track_id='8c16b12d-498a-4d02-97a7-d139bb83dd13', event_type='DriverConnectStatus', source='CommunicationService', status=<DataFlowStatus.CREATED: 'created'>, timestamp=datetime.datetime(2026, 1, 8, 21, 0, 0, 896419), payload={'driver_name': 'OPCUAServerDriver', 'status': 'offline'})
2026-01-08 21:00:01,101 DEBUG root [TrackingPublisher] scheduling publish for 8c16b12d-498a-4d02-97a7-d139bb83dd13
2026-01-08 21:00:01,102 DEBUG root [TrackingPublisher] worker got item from queue: DataFlowEventMsg(track_id='8c16b12d-498a-4d02-97a7-d139bb83dd13', event_type='DriverConnectStatus', source='ConnectorManager', status=<DataFlowStatus.RECEIVED: 'received'>, timestamp=datetime.datetime(2026, 1, 8, 21, 0, 0, 900912), payload={'driver_name': 'OPCUAServerDriver', 'status': 'offline'})
2026-01-08 21:00:01,102 DEBUG openscada_lite.modules.base.base_controller [tracking] Publishing message: DataFlowEventMsg(track_id='8c16b12d-498a-4d02-97a7-d139bb83dd13', event_type='DriverConnectStatus', source='CommunicationController', status=<DataFlowStatus.FORWARDED: 'forwarded'>, timestamp=datetime.datetime(2026, 1, 8, 21, 0, 0, 899554), payload={'driver_name': 'OPCUAServerDriver', 'status': 'offline'})
2026-01-08 21:00:01,102 DEBUG root [TrackingPublisher] scheduling publish for 8c16b12d-498a-4d02-97a7-d139bb83dd13
2026-01-08 21:00:01,103 DEBUG root [TrackingPublisher] worker got item from queue: DataFlowEventMsg(track_id='73c48d9f-5253-4448-9260-34ee94c0db43', event_type='DriverConnectStatus', source='CommunicationService', status=<DataFlowStatus.CREATED: 'created'>, timestamp=datetime.datetime(2026, 1, 8, 21, 0, 0, 902523), payload={'driver_name': 'CameraDriver', 'status': 'offline'})
2026-01-08 21:00:01,103 DEBUG openscada_lite.modules.base.base_controller [tracking] Publishing message: DataFlowEventMsg(track_id='8c16b12d-498a-4d02-97a7-d139bb83dd13', event_type='DriverConnectStatus', source='ConnectorManager', status=<DataFlowStatus.RECEIVED: 'received'>, timestamp=datetime.datetime(2026, 1, 8, 21, 0, 0, 900912), payload={'driver_name': 'OPCUAServerDriver', 'status': 'offline'})
2026-01-08 21:00:01,104 DEBUG root [TrackingPublisher] scheduling publish for 73c48d9f-5253-4448-9260-34ee94c0db43
2026-01-08 21:00:01,105 DEBUG root [TrackingPublisher] worker got item from queue: DataFlowEventMsg(track_id='73c48d9f-5253-4448-9260-34ee94c0db43', event_type='DriverConnectStatus', source='CommunicationController', status=<DataFlowStatus.FORWARDED: 'forwarded'>, timestamp=datetime.datetime(2026, 1, 8, 21, 0, 0, 904500), payload={'driver_name': 'CameraDriver', 'status': 'offline'})
2026-01-08 21:00:01,105 DEBUG openscada_lite.modules.base.base_controller [tracking] Publishing message: DataFlowEventMsg(track_id='73c48d9f-5253-4448-9260-34ee94c0db43', event_type='DriverConnectStatus', source='CommunicationService', status=<DataFlowStatus.CREATED: 'created'>, timestamp=datetime.datetime(2026, 1, 8, 21, 0, 0, 902523), payload={'driver_name': 'CameraDriver', 'status': 'offline'})
2026-01-08 21:00:01,105 DEBUG root [TrackingPublisher] scheduling publish for 73c48d9f-5253-4448-9260-34ee94c0db43
2026-01-08 21:00:01,106 DEBUG root [TrackingPublisher] worker got item from queue: DataFlowEventMsg(track_id='73c48d9f-5253-4448-9260-34ee94c0db43', event_type='DriverConnectStatus', source='ConnectorManager', status=<DataFlowStatus.RECEIVED: 'received'>, timestamp=datetime.datetime(2026, 1, 8, 21, 0, 0, 906544), payload={'driver_name': 'CameraDriver', 'status': 'offline'})
2026-01-08 21:00:01,107 DEBUG openscada_lite.modules.base.base_controller [tracking] Publishing message: DataFlowEventMsg(track_id='73c48d9f-5253-4448-9260-34ee94c0db43', event_type='DriverConnectStatus', source='CommunicationController', status=<DataFlowStatus.FORWARDED: 'forwarded'>, timestamp=datetime.datetime(2026, 1, 8, 21, 0, 0, 904500), payload={'driver_name': 'CameraDriver', 'status': 'offline'})
2026-01-08 21:00:01,107 DEBUG root [TrackingPublisher] scheduling publish for 73c48d9f-5253-4448-9260-34ee94c0db43
2026-01-08 21:00:01,108 DEBUG root [TrackingPublisher] worker got item from queue: DataFlowEventMsg(track_id='1543f2d2-e2bc-4b47-9a7c-b3d5e27f5391', event_type='DriverConnectStatus', source='CommunicationService', status=<DataFlowStatus.CREATED: 'created'>, timestamp=datetime.datetime(2026, 1, 8, 21, 0, 0, 909081), payload={'driver_name': 'WaterTank', 'status': 'offline'})
2026-01-08 21:00:01,109 DEBUG openscada_lite.modules.base.base_controller [tracking] Publishing message: DataFlowEventMsg(track_id='73c48d9f-5253-4448-9260-34ee94c0db43', event_type='DriverConnectStatus', source='ConnectorManager', status=<DataFlowStatus.RECEIVED: 'received'>, timestamp=datetime.datetime(2026, 1, 8, 21, 0, 0, 906544), payload={'driver_name': 'CameraDriver', 'status': 'offline'})
2026-01-08 21:00:01,109 DEBUG root [TrackingPublisher] scheduling publish for 1543f2d2-e2bc-4b47-9a7c-b3d5e27f5391
2026-01-08 21:00:01,111 DEBUG root [TrackingPublisher] worker got item from queue: DataFlowEventMsg(track_id='1543f2d2-e2bc-4b47-9a7c-b3d5e27f5391', event_type='DriverConnectStatus', source='CommunicationController', status=<DataFlowStatus.FORWARDED: 'forwarded'>, timestamp=datetime.datetime(2026, 1, 8, 21, 0, 0, 912375), payload={'driver_name': 'WaterTank', 'status': 'offline'})
2026-01-08 21:00:01,112 DEBUG openscada_lite.modules.base.base_controller [tracking] Publishing message: DataFlowEventMsg(track_id='1543f2d2-e2bc-4b47-9a7c-b3d5e27f5391', event_type='DriverConnectStatus', source='CommunicationService', status=<DataFlowStatus.CREATED: 'created'>, timestamp=datetime.datetime(2026, 1, 8, 21, 0, 0, 909081), payload={'driver_name': 'WaterTank', 'status': 'offline'})
2026-01-08 21:00:01,113 DEBUG root [TrackingPublisher] scheduling publish for 1543f2d2-e2bc-4b47-9a7c-b3d5e27f5391
2026-01-08 21:00:01,115 DEBUG root [TrackingPublisher] worker got item from queue: DataFlowEventMsg(track_id='1543f2d2-e2bc-4b47-9a7c-b3d5e27f5391', event_type='DriverConnectStatus', source='ConnectorManager', status=<DataFlowStatus.RECEIVED: 'received'>, timestamp=datetime.datetime(2026, 1, 8, 21, 0, 0, 913386), payload={'driver_name': 'WaterTank', 'status': 'offline'})
2026-01-08 21:00:01,115 DEBUG openscada_lite.modules.base.base_controller [tracking] Publishing message: DataFlowEventMsg(track_id='1543f2d2-e2bc-4b47-9a7c-b3d5e27f5391', event_type='DriverConnectStatus', source='CommunicationController', status=<DataFlowStatus.FORWARDED: 'forwarded'>, timestamp=datetime.datetime(2026, 1, 8, 21, 0, 0, 912375), payload={'driver_name': 'WaterTank', 'status': 'offline'})
2026-01-08 21:00:01,115 DEBUG root [TrackingPublisher] scheduling publish for 1543f2d2-e2bc-4b47-9a7c-b3d5e27f5391
2026-01-08 21:00:01,116 DEBUG root [TrackingPublisher] worker got item from queue: DataFlowEventMsg(track_id='dfc2dab9-bcfd-4aa1-ba82-56eb7a1884ae', event_type='DriverConnectStatus', source='CommunicationService', status=<DataFlowStatus.CREATED: 'created'>, timestamp=datetime.datetime(2026, 1, 8, 21, 0, 0, 914687), payload={'driver_name': 'StressTest', 'status': 'offline'})
2026-01-08 21:00:01,117 DEBUG openscada_lite.modules.base.base_controller [tracking] Publishing message: DataFlowEventMsg(track_id='1543f2d2-e2bc-4b47-9a7c-b3d5e27f5391', event_type='DriverConnectStatus', source='ConnectorManager', status=<DataFlowStatus.RECEIVED: 'received'>, timestamp=datetime.datetime(2026, 1, 8, 21, 0, 0, 913386), payload={'driver_name': 'WaterTank', 'status': 'offline'})
2026-01-08 21:00:01,117 DEBUG root [TrackingPublisher] scheduling publish for dfc2dab9-bcfd-4aa1-ba82-56eb7a1884ae
2026-01-08 21:00:01,118 DEBUG root [TrackingPublisher] worker got item from queue: DataFlowEventMsg(track_id='dfc2dab9-bcfd-4aa1-ba82-56eb7a1884ae', event_type='DriverConnectStatus', source='CommunicationController', status=<DataFlowStatus.FORWARDED: 'forwarded'>, timestamp=datetime.datetime(2026, 1, 8, 21, 0, 0, 916440), payload={'driver_name': 'StressTest', 'status': 'offline'})
2026-01-08 21:00:01,118 DEBUG openscada_lite.modules.base.base_controller [tracking] Publishing message: DataFlowEventMsg(track_id='dfc2dab9-bcfd-4aa1-ba82-56eb7a1884ae', event_type='DriverConnectStatus', source='CommunicationService', status=<DataFlowStatus.CREATED: 'created'>, timestamp=datetime.datetime(2026, 1, 8, 21, 0, 0, 914687), payload={'driver_name': 'StressTest', 'status': 'offline'})
2026-01-08 21:00:01,119 DEBUG root [TrackingPublisher] scheduling publish for dfc2dab9-bcfd-4aa1-ba82-56eb7a1884ae
2026-01-08 21:00:01,120 DEBUG root [TrackingPublisher] worker got item from queue: DataFlowEventMsg(track_id='dfc2dab9-bcfd-4aa1-ba82-56eb7a1884ae', event_type='DriverConnectStatus', source='ConnectorManager', status=<DataFlowStatus.RECEIVED: 'received'>, timestamp=datetime.datetime(2026, 1, 8, 21, 0, 0, 917951), payload={'driver_name': 'StressTest', 'status': 'offline'})
2026-01-08 21:00:01,120 DEBUG openscada_lite.modules.base.base_controller [tracking] Publishing message: DataFlowEventMsg(track_id='dfc2dab9-bcfd-4aa1-ba82-56eb7a1884ae', event_type='DriverConnectStatus', source='CommunicationController', status=<DataFlowStatus.FORWARDED: 'forwarded'>, timestamp=datetime.datetime(2026, 1, 8, 21, 0, 0, 916440), payload={'driver_name': 'StressTest', 'status': 'offline'})
2026-01-08 21:00:01,120 DEBUG root [TrackingPublisher] scheduling publish for dfc2dab9-bcfd-4aa1-ba82-56eb7a1884ae
2026-01-08 21:00:01,121 DEBUG root [TrackingPublisher] worker got item from queue: DataFlowEventMsg(track_id='fb14d5f3-6368-4a26-ade2-96c05135ec71', event_type='AnimationUpdateMsg', source='AnimationController', status=<DataFlowStatus.FORWARDED: 'forwarded'>, timestamp=datetime.datetime(2026, 1, 8, 21, 0, 0, 919965), payload={'element_id': 'driver-indicator', 'animation': 'driver_connection', 'value': None, 'svg_name': '2.train.svg', 'timestamp': None})
2026-01-08 21:00:01,121 DEBUG openscada_lite.modules.base.base_controller [tracking] Publishing message: DataFlowEventMsg(track_id='dfc2dab9-bcfd-4aa1-ba82-56eb7a1884ae', event_type='DriverConnectStatus', source='ConnectorManager', status=<DataFlowStatus.RECEIVED: 'received'>, timestamp=datetime.datetime(2026, 1, 8, 21, 0, 0, 917951), payload={'driver_name': 'StressTest', 'status': 'offline'})
2026-01-08 21:00:01,122 DEBUG root [TrackingPublisher] scheduling publish for fb14d5f3-6368-4a26-ade2-96c05135ec71
2026-01-08 21:00:01,123 DEBUG root [TrackingPublisher] worker got item from queue: DataFlowEventMsg(track_id='cdececd3-8d67-450e-82fc-02c8eb2b0165', event_type='DriverConnectStatus', source='CommunicationService', status=<DataFlowStatus.CREATED: 'created'>, timestamp=datetime.datetime(2026, 1, 8, 21, 0, 0, 921333), payload={'driver_name': 'TrainTestDriver', 'status': 'offline'})
2026-01-08 21:00:01,124 DEBUG openscada_lite.modules.base.base_controller [tracking] Publishing message: DataFlowEventMsg(track_id='fb14d5f3-6368-4a26-ade2-96c05135ec71', event_type='AnimationUpdateMsg', source='AnimationController', status=<DataFlowStatus.FORWARDED: 'forwarded'>, timestamp=datetime.datetime(2026, 1, 8, 21, 0, 0, 919965), payload={'element_id': 'driver-indicator', 'animation': 'driver_connection', 'value': None, 'svg_name': '2.train.svg', 'timestamp': None})
2026-01-08 21:00:01,125 DEBUG root [TrackingPublisher] scheduling publish for cdececd3-8d67-450e-82fc-02c8eb2b0165
2026-01-08 21:00:01,128 DEBUG root [TrackingPublisher] worker got item from queue: DataFlowEventMsg(track_id='cdececd3-8d67-450e-82fc-02c8eb2b0165', event_type='DriverConnectStatus', source='CommunicationController', status=<DataFlowStatus.FORWARDED: 'forwarded'>, timestamp=datetime.datetime(2026, 1, 8, 21, 0, 0, 923070), payload={'driver_name': 'TrainTestDriver', 'status': 'offline'})
2026-01-08 21:00:01,128 DEBUG openscada_lite.modules.base.base_controller [tracking] Publishing message: DataFlowEventMsg(track_id='cdececd3-8d67-450e-82fc-02c8eb2b0165', event_type='DriverConnectStatus', source='CommunicationService', status=<DataFlowStatus.CREATED: 'created'>, timestamp=datetime.datetime(2026, 1, 8, 21, 0, 0, 921333), payload={'driver_name': 'TrainTestDriver', 'status': 'offline'})
2026-01-08 21:00:01,129 DEBUG root [TrackingPublisher] scheduling publish for cdececd3-8d67-450e-82fc-02c8eb2b0165
2026-01-08 21:00:01,130 DEBUG root [TrackingPublisher] worker got item from queue: DataFlowEventMsg(track_id='cdececd3-8d67-450e-82fc-02c8eb2b0165', event_type='DriverConnectStatus', source='ConnectorManager', status=<DataFlowStatus.RECEIVED: 'received'>, timestamp=datetime.datetime(2026, 1, 8, 21, 0, 0, 924863), payload={'driver_name': 'TrainTestDriver', 'status': 'offline'})
2026-01-08 21:00:01,131 DEBUG openscada_lite.modules.base.base_controller [tracking] Publishing message: DataFlowEventMsg(track_id='cdececd3-8d67-450e-82fc-02c8eb2b0165', event_type='DriverConnectStatus', source='CommunicationController', status=<DataFlowStatus.FORWARDED: 'forwarded'>, timestamp=datetime.datetime(2026, 1, 8, 21, 0, 0, 923070), payload={'driver_name': 'TrainTestDriver', 'status': 'offline'})
2026-01-08 21:00:01,131 DEBUG root [TrackingPublisher] scheduling publish for cdececd3-8d67-450e-82fc-02c8eb2b0165
2026-01-08 21:00:01,132 DEBUG openscada_lite.modules.base.base_controller [tracking] Publishing message: DataFlowEventMsg(track_id='cdececd3-8d67-450e-82fc-02c8eb2b0165', event_type='DriverConnectStatus', source='ConnectorManager', status=<DataFlowStatus.RECEIVED: 'received'>, timestamp=datetime.datetime(2026, 1, 8, 21, 0, 0, 924863), payload={'driver_name': 'TrainTestDriver', 'status': 'offline'})
