{"track_id": "eb8f9278-db6e-4468-9eab-8cc47ceaf117", "event_type": "DriverConnectStatus", "source": "CommunicationController", "status": "forwarded", "timestamp": "2026-01-11T00:09:05.969925", "payload": {"driver_name": "WaterTank", "status": "offline"}}
{"track_id": "eb8f9278-db6e-4468-9eab-8cc47ceaf117", "event_type": "DriverConnectStatus", "source": "ConnectorManager", "status": "received", "timestamp": "2026-01-11T00:09:05.969943", "payload": {"driver_name": "WaterTank", "status": "offline"}}
{"track_id": "eb8f9278-db6e-4468-9eab-8cc47ceaf117", "event_type": "DriverConnectStatus", "source": "CommunicationService", "status": "created", "timestamp": "2026-01-11T00:09:05.969826", "payload": {"driver_name": "WaterTank", "status": "offline"}}
{"track_id": "2d10f1c0-ed7f-423e-94de-4f3d2f18a6bd", "event_type": "DriverConnectStatus", "source": "CommunicationService", "status": "created", "timestamp": "2026-01-11T00:09:05.970079", "payload": {"driver_name": "AuxServer", "status": "offline"}}
{"track_id": "2d10f1c0-ed7f-423e-94de-4f3d2f18a6bd", "event_type": "DriverConnectStatus", "source": "CommunicationController", "status": "forwarded", "timestamp": "2026-01-11T00:09:05.970115", "payload": {"driver_name": "AuxServer", "status": "offline"}}
{"track_id": "2d10f1c0-ed7f-423e-94de-4f3d2f18a6bd", "event_type": "DriverConnectStatus", "source": "ConnectorManager", "status": "received", "timestamp": "2026-01-11T00:09:05.970131", "payload": {"driver_name": "AuxServer", "status": "offline"}}
{"track_id": "f973e9fd-e476-47d7-8edf-d7449c1e477a", "event_type": "CommandFeedbackMsg", "source": "CommandService", "status": "created", "timestamp": "2026-01-11T00:09:12.704529", "payload": {"command_id": "testcmd1", "datapoint_identifier": "WaterTank@TANK", "value": 42, "feedback": "NOK-driver-offline", "timestamp": "2026-01-11T00:09:12.704399"}}
{"track_id": "f973e9fd-e476-47d7-8edf-d7449c1e477a", "event_type": "CommandFeedbackMsg", "source": "CommandController", "status": "forwarded", "timestamp": "2026-01-11T00:09:12.704642", "payload": {"command_id": "testcmd1", "datapoint_identifier": "WaterTank@TANK", "value": 42, "feedback": "NOK-driver-offline", "timestamp": "2026-01-11T00:09:12.704399"}}
{"track_id": "f973e9fd-e476-47d7-8edf-d7449c1e477a", "event_type": "CommandFeedbackMsg", "source": "ConnectorManager", "status": "received", "timestamp": "2026-01-11T00:09:12.704659", "payload": {"command_id": "testcmd1", "datapoint_identifier": "WaterTank@TANK", "value": 42, "feedback": "NOK-driver-offline", "timestamp": "2026-01-11T00:09:12.704399"}}
{"track_id": "7c5f469b-9adc-4a1b-9696-7140a5d203dd", "event_type": "SendCommandMsg", "source": "ConnectorManager", "status": "forwarded", "timestamp": "2026-01-11T00:09:12.704676", "payload": {"command_id": "testcmd1", "datapoint_identifier": "WaterTank@TANK", "value": 42}}
{"track_id": "7c5f469b-9adc-4a1b-9696-7140a5d203dd", "event_type": "SendCommandMsg", "source": "CommunicationService", "status": "received", "timestamp": "2026-01-11T00:09:12.704688", "payload": {"command_id": "testcmd1", "datapoint_identifier": "WaterTank@TANK", "value": 42}}
{"track_id": "7c5f469b-9adc-4a1b-9696-7140a5d203dd", "event_type": "SendCommandMsg", "source": "CommandService", "status": "received", "timestamp": "2026-01-11T00:09:12.704698", "payload": {"command_id": "testcmd1", "datapoint_identifier": "WaterTank@TANK", "value": 42}}
{"track_id": "50f40287-bbf4-434c-8bd7-643724cf8df7", "event_type": "DriverConnectStatus", "source": "CommunicationController", "status": "forwarded", "timestamp": "2026-01-11T00:09:17.488924", "payload": {"driver_name": "WaterTank", "status": "offline"}}
{"track_id": "50f40287-bbf4-434c-8bd7-643724cf8df7", "event_type": "DriverConnectStatus", "source": "ConnectorManager", "status": "received", "timestamp": "2026-01-11T00:09:17.488939", "payload": {"driver_name": "WaterTank", "status": "offline"}}
{"track_id": "50f40287-bbf4-434c-8bd7-643724cf8df7", "event_type": "DriverConnectStatus", "source": "CommunicationService", "status": "created", "timestamp": "2026-01-11T00:09:17.488835", "payload": {"driver_name": "WaterTank", "status": "offline"}}
{"track_id": "f6794d48-62ff-4a87-b214-6ca04f57823e", "event_type": "DriverConnectStatus", "source": "CommunicationService", "status": "created", "timestamp": "2026-01-11T00:09:17.489121", "payload": {"driver_name": "AuxServer", "status": "offline"}}
{"track_id": "f6794d48-62ff-4a87-b214-6ca04f57823e", "event_type": "DriverConnectStatus", "source": "CommunicationController", "status": "forwarded", "timestamp": "2026-01-11T00:09:17.489157", "payload": {"driver_name": "AuxServer", "status": "offline"}}
{"track_id": "f6794d48-62ff-4a87-b214-6ca04f57823e", "event_type": "DriverConnectStatus", "source": "ConnectorManager", "status": "received", "timestamp": "2026-01-11T00:09:17.489168", "payload": {"driver_name": "AuxServer", "status": "offline"}}
{"track_id": "12c104c1-3b13-4560-bad8-e0bc9ea3a76b", "event_type": "TagUpdateMsg", "source": "DatapointService", "status": "created", "timestamp": "2026-01-11T00:09:24.095230", "payload": {"datapoint_identifier": "WaterTank@TANK", "value": 123.45, "timestamp": "2026-01-11T00:09:24.095176"}}
{"track_id": "12c104c1-3b13-4560-bad8-e0bc9ea3a76b", "event_type": "TagUpdateMsg", "source": "CommunicationService", "status": "received", "timestamp": "2026-01-11T00:09:24.095305", "payload": {"datapoint_identifier": "WaterTank@TANK", "value": 123.45, "timestamp": "2026-01-11T00:09:24.095176"}}
{"track_id": "12c104c1-3b13-4560-bad8-e0bc9ea3a76b", "event_type": "TagUpdateMsg", "source": "DatapointController", "status": "forwarded", "timestamp": "2026-01-11T00:09:24.095356", "payload": {"datapoint_identifier": "WaterTank@TANK", "value": 123.45, "timestamp": "2026-01-11T00:09:24.095176"}}
{"track_id": "12c104c1-3b13-4560-bad8-e0bc9ea3a76b", "event_type": "RawTagUpdateMsg", "source": "DatapointService", "status": "received", "timestamp": "2026-01-11T00:09:24.095370", "payload": {"datapoint_identifier": "WaterTank@TANK", "value": 123.45, "timestamp": "2026-01-11T00:09:24.095176"}}
{"track_id": "4080dbe7-8207-4d6c-98dd-9a98612cc6cf", "event_type": "DriverConnectStatus", "source": "CommunicationController", "status": "forwarded", "timestamp": "2026-01-11T00:10:43.864726", "payload": {"driver_name": "WaterTank", "status": "offline"}}
{"track_id": "4080dbe7-8207-4d6c-98dd-9a98612cc6cf", "event_type": "DriverConnectStatus", "source": "ConnectorManager", "status": "received", "timestamp": "2026-01-11T00:10:43.864741", "payload": {"driver_name": "WaterTank", "status": "offline"}}
{"track_id": "8ac84b34-5b41-457e-9365-9f79f88fd19e", "event_type": "DriverConnectStatus", "source": "CommunicationService", "status": "created", "timestamp": "2026-01-11T00:10:43.864818", "payload": {"driver_name": "AuxServer", "status": "offline"}}
{"track_id": "8ac84b34-5b41-457e-9365-9f79f88fd19e", "event_type": "DriverConnectStatus", "source": "CommunicationController", "status": "forwarded", "timestamp": "2026-01-11T00:10:43.864842", "payload": {"driver_name": "AuxServer", "status": "offline"}}
{"track_id": "8ac84b34-5b41-457e-9365-9f79f88fd19e", "event_type": "DriverConnectStatus", "source": "ConnectorManager", "status": "received", "timestamp": "2026-01-11T00:10:43.864852", "payload": {"driver_name": "AuxServer", "status": "offline"}}
{"track_id": "4080dbe7-8207-4d6c-98dd-9a98612cc6cf", "event_type": "DriverConnectStatus", "source": "CommunicationService", "status": "created", "timestamp": "2026-01-11T00:10:43.864640", "payload": {"driver_name": "WaterTank", "status": "offline"}}
{"track_id": "bfcb6942-c293-4684-a50b-03d02cfe44bc", "event_type": "CommandFeedbackMsg", "source": "CommandService", "status": "created", "timestamp": "2026-01-11T00:10:51.078643", "payload": {"command_id": "testcmd1", "datapoint_identifier": "WaterTank@TANK", "value": 42, "feedback": "NOK-driver-offline", "timestamp": "2026-01-11T00:10:51.078581"}}
{"track_id": "bfcb6942-c293-4684-a50b-03d02cfe44bc", "event_type": "CommandFeedbackMsg", "source": "CommandController", "status": "forwarded", "timestamp": "2026-01-11T00:10:51.078721", "payload": {"command_id": "testcmd1", "datapoint_identifier": "WaterTank@TANK", "value": 42, "feedback": "NOK-driver-offline", "timestamp": "2026-01-11T00:10:51.078581"}}
{"track_id": "bfcb6942-c293-4684-a50b-03d02cfe44bc", "event_type": "CommandFeedbackMsg", "source": "ConnectorManager", "status": "received", "timestamp": "2026-01-11T00:10:51.078735", "payload": {"command_id": "testcmd1", "datapoint_identifier": "WaterTank@TANK", "value": 42, "feedback": "NOK-driver-offline", "timestamp": "2026-01-11T00:10:51.078581"}}
{"track_id": "54d883f7-bf09-47d7-b5e5-ca795f927c63", "event_type": "SendCommandMsg", "source": "ConnectorManager", "status": "forwarded", "timestamp": "2026-01-11T00:10:51.078748", "payload": {"command_id": "testcmd1", "datapoint_identifier": "WaterTank@TANK", "value": 42}}
{"track_id": "54d883f7-bf09-47d7-b5e5-ca795f927c63", "event_type": "SendCommandMsg", "source": "CommunicationService", "status": "received", "timestamp": "2026-01-11T00:10:51.078756", "payload": {"command_id": "testcmd1", "datapoint_identifier": "WaterTank@TANK", "value": 42}}
{"track_id": "54d883f7-bf09-47d7-b5e5-ca795f927c63", "event_type": "SendCommandMsg", "source": "CommandService", "status": "received", "timestamp": "2026-01-11T00:10:51.078764", "payload": {"command_id": "testcmd1", "datapoint_identifier": "WaterTank@TANK", "value": 42}}
{"track_id": "2f808119-13a0-469d-a8b4-134bcd1c38ac", "event_type": "DriverConnectStatus", "source": "CommunicationController", "status": "forwarded", "timestamp": "2026-01-11T00:10:55.271354", "payload": {"driver_name": "WaterTank", "status": "offline"}}
{"track_id": "2f808119-13a0-469d-a8b4-134bcd1c38ac", "event_type": "DriverConnectStatus", "source": "ConnectorManager", "status": "received", "timestamp": "2026-01-11T00:10:55.271370", "payload": {"driver_name": "WaterTank", "status": "offline"}}
{"track_id": "2f808119-13a0-469d-a8b4-134bcd1c38ac", "event_type": "DriverConnectStatus", "source": "CommunicationService", "status": "created", "timestamp": "2026-01-11T00:10:55.271269", "payload": {"driver_name": "WaterTank", "status": "offline"}}
{"track_id": "9bce5503-73e9-46ac-81f3-5dd24ba5b604", "event_type": "DriverConnectStatus", "source": "CommunicationService", "status": "created", "timestamp": "2026-01-11T00:10:55.271544", "payload": {"driver_name": "AuxServer", "status": "offline"}}
{"track_id": "9bce5503-73e9-46ac-81f3-5dd24ba5b604", "event_type": "DriverConnectStatus", "source": "CommunicationController", "status": "forwarded", "timestamp": "2026-01-11T00:10:55.271596", "payload": {"driver_name": "AuxServer", "status": "offline"}}
{"track_id": "9bce5503-73e9-46ac-81f3-5dd24ba5b604", "event_type": "DriverConnectStatus", "source": "ConnectorManager", "status": "received", "timestamp": "2026-01-11T00:10:55.271613", "payload": {"driver_name": "AuxServer", "status": "offline"}}
{"track_id": "e9792789-7640-4ca1-97c9-9a857da6fe31", "event_type": "TagUpdateMsg", "source": "DatapointService", "status": "created", "timestamp": "2026-01-11T00:11:02.454424", "payload": {"datapoint_identifier": "WaterTank@TANK", "value": 123.45, "timestamp": "2026-01-11T00:11:02.454342"}}
{"track_id": "e9792789-7640-4ca1-97c9-9a857da6fe31", "event_type": "TagUpdateMsg", "source": "CommunicationService", "status": "received", "timestamp": "2026-01-11T00:11:02.454557", "payload": {"datapoint_identifier": "WaterTank@TANK", "value": 123.45, "timestamp": "2026-01-11T00:11:02.454342"}}
{"track_id": "e9792789-7640-4ca1-97c9-9a857da6fe31", "event_type": "TagUpdateMsg", "source": "DatapointController", "status": "forwarded", "timestamp": "2026-01-11T00:11:02.454657", "payload": {"datapoint_identifier": "WaterTank@TANK", "value": 123.45, "timestamp": "2026-01-11T00:11:02.454342"}}
{"track_id": "e9792789-7640-4ca1-97c9-9a857da6fe31", "event_type": "RawTagUpdateMsg", "source": "DatapointService", "status": "received", "timestamp": "2026-01-11T00:11:02.454683", "payload": {"datapoint_identifier": "WaterTank@TANK", "value": 123.45, "timestamp": "2026-01-11T00:11:02.454342"}}
